------------------------------------------------------------------------------------------------------------------------

[2022-11-13 22:42:55 #1 store] 
Database 'C:\Users\Propietario\eclipse-workspace\Bets21\src\main\resources\bets.temp' is opened by 4012@pc-1631545154

[2022-11-13 22:42:55 #2 store] 
Configuration path: ?

[2022-11-13 22:42:55 #3 type] 
Type domain.Subdito is not enhanced.

[2022-11-13 22:42:55 #4 type] 
Type domain.Admin is not enhanced.

[2022-11-13 22:42:55 #5 type] 
Type domain.Usuario is not enhanced.

[2022-11-13 22:42:55 #6 type] 
Type domain.Cupon is not enhanced.

[2022-11-13 22:42:55 #7 type] 
Type domain.Apuesta is not enhanced.

[2022-11-13 22:42:55 #8 type] 
Type domain.Event is not enhanced.

[2022-11-13 22:42:55 #9 type] 
Type domain.Pronostico is not enhanced.

[2022-11-13 22:42:55 #10 type] 
Type domain.Seleccion is not enhanced.

[2022-11-13 22:42:55 #11 type] 
Type domain.Question is not enhanced.

[2022-11-13 22:42:55 #12 type] 
Type domain.Estadistica is not enhanced.

[2022-11-13 22:42:55 #13 type] 
Type domain.Mensaje is not enhanced.

------------------------------------------------------------------------------------------------------------------------

[2022-11-13 22:46:29 #1 store] 
Database 'C:\Users\Propietario\eclipse-workspace\Bets21\src\main\resources\bets.temp' is opened by 1000@pc-1631545154

[2022-11-13 22:46:29 #2 store] 
Configuration path: ?

[2022-11-13 22:46:29 #3 type] 
Type domain.Subdito is not enhanced.

[2022-11-13 22:46:29 #4 type] 
Type domain.Admin is not enhanced.

[2022-11-13 22:46:29 #5 type] 
Type domain.Usuario is not enhanced.

[2022-11-13 22:46:29 #6 type] 
Type domain.Cupon is not enhanced.

[2022-11-13 22:46:29 #7 type] 
Type domain.Apuesta is not enhanced.

[2022-11-13 22:46:29 #8 type] 
Type domain.Event is not enhanced.

[2022-11-13 22:46:29 #9 type] 
Type domain.Pronostico is not enhanced.

[2022-11-13 22:46:29 #10 type] 
Type domain.Seleccion is not enhanced.

[2022-11-13 22:46:29 #11 type] 
Type domain.Question is not enhanced.

[2022-11-13 22:46:29 #12 type] 
Type domain.Estadistica is not enhanced.

[2022-11-13 22:46:29 #13 type] 
Type domain.Mensaje is not enhanced.

------------------------------------------------------------------------------------------------------------------------

[2022-11-13 22:47:23 #1 store] 
Database 'C:\Users\Propietario\eclipse-workspace\Bets21\src\main\resources\bets.temp' is opened by 7752@pc-1631545154

[2022-11-13 22:47:23 #2 store] 
Configuration path: ?

[2022-11-13 22:47:23 #3 type] 
Type domain.Subdito is not enhanced.

[2022-11-13 22:47:23 #4 type] 
Type domain.Admin is not enhanced.

[2022-11-13 22:47:23 #5 type] 
Type domain.Usuario is not enhanced.

[2022-11-13 22:47:23 #6 type] 
Type domain.Cupon is not enhanced.

[2022-11-13 22:47:23 #7 type] 
Type domain.Apuesta is not enhanced.

[2022-11-13 22:47:23 #8 type] 
Type domain.Event is not enhanced.

[2022-11-13 22:47:23 #9 type] 
Type domain.Pronostico is not enhanced.

[2022-11-13 22:47:23 #10 type] 
Type domain.Seleccion is not enhanced.

[2022-11-13 22:47:23 #11 type] 
Type domain.Question is not enhanced.

[2022-11-13 22:47:23 #12 type] 
Type domain.Estadistica is not enhanced.

[2022-11-13 22:47:23 #13 type] 
Type domain.Mensaje is not enhanced.

------------------------------------------------------------------------------------------------------------------------

[2022-11-13 22:47:51 #1 store] 
Database 'C:\Users\Propietario\eclipse-workspace\Bets21\src\main\resources\bets.temp' is opened by 1884@pc-1631545154

[2022-11-13 22:47:51 #2 store] 
Configuration path: ?

[2022-11-13 22:47:51 #3 type] 
Type domain.Subdito is not enhanced.

[2022-11-13 22:47:51 #4 type] 
Type domain.Admin is not enhanced.

[2022-11-13 22:47:51 #5 type] 
Type domain.Usuario is not enhanced.

[2022-11-13 22:47:51 #6 type] 
Type domain.Cupon is not enhanced.

[2022-11-13 22:47:51 #7 type] 
Type domain.Apuesta is not enhanced.

[2022-11-13 22:47:51 #8 type] 
Type domain.Event is not enhanced.

[2022-11-13 22:47:51 #9 type] 
Type domain.Pronostico is not enhanced.

[2022-11-13 22:47:52 #10 type] 
Type domain.Seleccion is not enhanced.

[2022-11-13 22:47:52 #11 type] 
Type domain.Question is not enhanced.

[2022-11-13 22:47:52 #12 type] 
Type domain.Estadistica is not enhanced.

[2022-11-13 22:47:52 #13 type] 
Type domain.Mensaje is not enhanced.

------------------------------------------------------------------------------------------------------------------------

[2022-11-13 22:49:06 #1 store] 
Database 'C:\Users\Propietario\eclipse-workspace\Bets21\src\main\resources\bets.temp' has been recovered (tr. 1979-1979)

[2022-11-13 22:49:06 #2 store] 
Database 'C:\Users\Propietario\eclipse-workspace\Bets21\src\main\resources\bets.temp' is opened by 10304@pc-1631545154

[2022-11-13 22:49:06 #3 store] 
Configuration path: ?

[2022-11-13 22:49:06 #4 type] 
Type domain.Subdito is not enhanced.

[2022-11-13 22:49:06 #5 type] 
Type domain.Admin is not enhanced.

[2022-11-13 22:49:06 #6 type] 
Type domain.Usuario is not enhanced.

[2022-11-13 22:49:06 #7 type] 
Type domain.Cupon is not enhanced.

[2022-11-13 22:49:06 #8 type] 
Type domain.Apuesta is not enhanced.

[2022-11-13 22:49:06 #9 type] 
Type domain.Event is not enhanced.

[2022-11-13 22:49:06 #10 type] 
Type domain.Pronostico is not enhanced.

[2022-11-13 22:49:06 #11 type] 
Type domain.Seleccion is not enhanced.

[2022-11-13 22:49:06 #12 type] 
Type domain.Question is not enhanced.

[2022-11-13 22:49:06 #13 type] 
Type domain.Estadistica is not enhanced.

[2022-11-13 22:49:06 #14 type] 
Type domain.Mensaje is not enhanced.

------------------------------------------------------------------------------------------------------------------------

[2022-11-13 22:49:39 #1 store] 
Database 'C:\Users\Propietario\eclipse-workspace\Bets21\src\main\resources\bets.temp' is opened by 3984@pc-1631545154

[2022-11-13 22:49:39 #2 store] 
Configuration path: ?

[2022-11-13 22:49:39 #3 type] 
Type domain.Subdito is not enhanced.

[2022-11-13 22:49:39 #4 type] 
Type domain.Admin is not enhanced.

[2022-11-13 22:49:39 #5 type] 
Type domain.Usuario is not enhanced.

[2022-11-13 22:49:39 #6 type] 
Type domain.Cupon is not enhanced.

[2022-11-13 22:49:39 #7 type] 
Type domain.Apuesta is not enhanced.

[2022-11-13 22:49:39 #8 type] 
Type domain.Event is not enhanced.

[2022-11-13 22:49:39 #9 type] 
Type domain.Pronostico is not enhanced.

[2022-11-13 22:49:39 #10 type] 
Type domain.Seleccion is not enhanced.

[2022-11-13 22:49:39 #11 type] 
Type domain.Question is not enhanced.

[2022-11-13 22:49:39 #12 type] 
Type domain.Estadistica is not enhanced.

[2022-11-13 22:49:39 #13 type] 
Type domain.Mensaje is not enhanced.

------------------------------------------------------------------------------------------------------------------------

[2022-11-13 22:50:44 #1 store] 
Database 'C:\Users\Propietario\eclipse-workspace\Bets21\src\main\resources\bets.temp' has been recovered (tr. 1980-1984)

[2022-11-13 22:50:44 #2 store] 
Database 'C:\Users\Propietario\eclipse-workspace\Bets21\src\main\resources\bets.temp' is opened by 7176@pc-1631545154

[2022-11-13 22:50:44 #3 store] 
Configuration path: ?

[2022-11-13 22:50:44 #4 type] 
Type domain.Subdito is not enhanced.

[2022-11-13 22:50:44 #5 type] 
Type domain.Admin is not enhanced.

[2022-11-13 22:50:44 #6 type] 
Type domain.Usuario is not enhanced.

[2022-11-13 22:50:44 #7 type] 
Type domain.Cupon is not enhanced.

[2022-11-13 22:50:44 #8 type] 
Type domain.Apuesta is not enhanced.

[2022-11-13 22:50:44 #9 type] 
Type domain.Event is not enhanced.

[2022-11-13 22:50:44 #10 type] 
Type domain.Pronostico is not enhanced.

[2022-11-13 22:50:44 #11 type] 
Type domain.Seleccion is not enhanced.

[2022-11-13 22:50:44 #12 type] 
Type domain.Question is not enhanced.

[2022-11-13 22:50:44 #13 type] 
Type domain.Estadistica is not enhanced.

[2022-11-13 22:50:44 #14 type] 
Type domain.Mensaje is not enhanced.

------------------------------------------------------------------------------------------------------------------------

[2022-11-13 22:52:22 #1 store] 
Database 'C:\Users\Propietario\eclipse-workspace\Bets21\src\main\resources\bets.temp' is opened by 7036@pc-1631545154

[2022-11-13 22:52:22 #2 store] 
Configuration path: ?

[2022-11-13 22:52:22 #3 type] 
Type domain.Subdito is not enhanced.

[2022-11-13 22:52:22 #4 type] 
Type domain.Admin is not enhanced.

[2022-11-13 22:52:22 #5 type] 
Type domain.Usuario is not enhanced.

[2022-11-13 22:52:22 #6 type] 
Type domain.Cupon is not enhanced.

[2022-11-13 22:52:22 #7 type] 
Type domain.Apuesta is not enhanced.

[2022-11-13 22:52:22 #8 type] 
Type domain.Event is not enhanced.

[2022-11-13 22:52:22 #9 type] 
Type domain.Pronostico is not enhanced.

[2022-11-13 22:52:22 #10 type] 
Type domain.Seleccion is not enhanced.

[2022-11-13 22:52:22 #11 type] 
Type domain.Question is not enhanced.

[2022-11-13 22:52:22 #12 type] 
Type domain.Estadistica is not enhanced.

[2022-11-13 22:52:22 #13 type] 
Type domain.Mensaje is not enhanced.

------------------------------------------------------------------------------------------------------------------------

[2022-11-13 22:53:35 #1 store] 
Database 'C:\Users\Propietario\eclipse-workspace\Bets21\src\main\resources\bets.temp' is opened by 10520@pc-1631545154

[2022-11-13 22:53:35 #2 store] 
Configuration path: ?

[2022-11-13 22:53:35 #3 type] 
Type domain.Subdito is not enhanced.

[2022-11-13 22:53:35 #4 type] 
Type domain.Admin is not enhanced.

[2022-11-13 22:53:35 #5 type] 
Type domain.Usuario is not enhanced.

[2022-11-13 22:53:35 #6 type] 
Type domain.Cupon is not enhanced.

[2022-11-13 22:53:35 #7 type] 
Type domain.Apuesta is not enhanced.

[2022-11-13 22:53:35 #8 type] 
Type domain.Event is not enhanced.

[2022-11-13 22:53:35 #9 type] 
Type domain.Pronostico is not enhanced.

[2022-11-13 22:53:35 #10 type] 
Type domain.Seleccion is not enhanced.

[2022-11-13 22:53:35 #11 type] 
Type domain.Question is not enhanced.

[2022-11-13 22:53:35 #12 type] 
Type domain.Estadistica is not enhanced.

[2022-11-13 22:53:35 #13 type] 
Type domain.Mensaje is not enhanced.

------------------------------------------------------------------------------------------------------------------------

[2022-11-13 23:09:37 #1 store] 
Database 'C:\Users\Propietario\eclipse-workspace\Bets21\src\main\resources\bets.temp' is opened by 7276@pc-1631545154

[2022-11-13 23:09:37 #2 store] 
Configuration path: ?

[2022-11-13 23:09:37 #3 type] 
Type domain.Subdito is not enhanced.

[2022-11-13 23:09:37 #4 type] 
Type domain.Admin is not enhanced.

[2022-11-13 23:09:37 #5 type] 
Type domain.Usuario is not enhanced.

[2022-11-13 23:09:37 #6 type] 
Type domain.Cupon is not enhanced.

[2022-11-13 23:09:37 #7 type] 
Type domain.Apuesta is not enhanced.

[2022-11-13 23:09:37 #8 type] 
Type domain.Event is not enhanced.

[2022-11-13 23:09:37 #9 type] 
Type domain.Pronostico is not enhanced.

[2022-11-13 23:09:37 #10 type] 
Type domain.Seleccion is not enhanced.

[2022-11-13 23:09:37 #11 type] 
Type domain.Question is not enhanced.

[2022-11-13 23:09:37 #12 type] 
Type domain.Estadistica is not enhanced.

[2022-11-13 23:09:37 #13 type] 
Type domain.Mensaje is not enhanced.

------------------------------------------------------------------------------------------------------------------------

[2022-11-13 23:11:53 #1 store] 
Database 'C:\Users\Propietario\eclipse-workspace\Bets21\src\main\resources\bets.temp' is opened by 1444@pc-1631545154

[2022-11-13 23:11:53 #2 store] 
Configuration path: ?

[2022-11-13 23:11:53 #3 type] 
Type domain.Subdito is not enhanced.

[2022-11-13 23:11:53 #4 type] 
Type domain.Admin is not enhanced.

[2022-11-13 23:11:53 #5 type] 
Type domain.Usuario is not enhanced.

[2022-11-13 23:11:53 #6 type] 
Type domain.Cupon is not enhanced.

[2022-11-13 23:11:53 #7 type] 
Type domain.Apuesta is not enhanced.

[2022-11-13 23:11:53 #8 type] 
Type domain.Event is not enhanced.

[2022-11-13 23:11:53 #9 type] 
Type domain.Pronostico is not enhanced.

[2022-11-13 23:11:53 #10 type] 
Type domain.Seleccion is not enhanced.

[2022-11-13 23:11:53 #11 type] 
Type domain.Question is not enhanced.

[2022-11-13 23:11:53 #12 type] 
Type domain.Estadistica is not enhanced.

[2022-11-13 23:11:53 #13 type] 
Type domain.Mensaje is not enhanced.

