------------------------------------------------------------------------------------------------------------------------

[2022-10-16 16:54:36 #1 store] 
Database 'C:\Users\Propietario\git\repositoryIS\Bets21\src\main\resources\bets.temp' has been recovered (tr. 710-824)

[2022-10-16 16:54:36 #2 store] 
Database 'C:\Users\Propietario\git\repositoryIS\Bets21\src\main\resources\bets.temp' is opened by 12060@pc-1631545154

[2022-10-16 16:54:36 #3 store] 
Configuration path: ?

[2022-10-16 16:54:36 #4 type] 
Type domain.Subdito is not enhanced.

[2022-10-16 16:54:36 #5 type] 
Type domain.Admin is not enhanced.

[2022-10-16 16:54:36 #6 type] 
Type domain.Usuario is not enhanced.

[2022-10-16 16:54:36 #7 type] 
Type domain.Cupon is not enhanced.

[2022-10-16 16:54:36 #8 type] 
Type domain.Apuesta is not enhanced.

[2022-10-16 16:54:36 #9 type] 
Type domain.Event is not enhanced.

[2022-10-16 16:54:36 #10 type] 
Type domain.Pronostico is not enhanced.

[2022-10-16 16:54:36 #11 type] 
Type domain.Seleccion is not enhanced.

[2022-10-16 16:54:36 #12 type] 
Type domain.Question is not enhanced.

[2022-10-16 16:54:36 #13 type] 
Type domain.Estadistica is not enhanced.

[2022-10-16 16:54:36 #14 type] 
Type domain.Mensaje is not enhanced.

------------------------------------------------------------------------------------------------------------------------

[2022-10-16 17:07:38 #1 store] 
Database 'C:\Users\Propietario\git\repositoryIS\Bets21\src\main\resources\bets.temp' has been recovered (tr. 825-829)

[2022-10-16 17:07:38 #2 store] 
Database 'C:\Users\Propietario\git\repositoryIS\Bets21\src\main\resources\bets.temp' is opened by 8860@pc-1631545154

[2022-10-16 17:07:38 #3 store] 
Configuration path: ?

[2022-10-16 17:07:38 #4 type] 
Type domain.Subdito is not enhanced.

[2022-10-16 17:07:38 #5 type] 
Type domain.Admin is not enhanced.

[2022-10-16 17:07:38 #6 type] 
Type domain.Usuario is not enhanced.

[2022-10-16 17:07:38 #7 type] 
Type domain.Cupon is not enhanced.

[2022-10-16 17:07:38 #8 type] 
Type domain.Apuesta is not enhanced.

[2022-10-16 17:07:38 #9 type] 
Type domain.Event is not enhanced.

[2022-10-16 17:07:38 #10 type] 
Type domain.Pronostico is not enhanced.

[2022-10-16 17:07:38 #11 type] 
Type domain.Seleccion is not enhanced.

[2022-10-16 17:07:38 #12 type] 
Type domain.Question is not enhanced.

[2022-10-16 17:07:38 #13 type] 
Type domain.Estadistica is not enhanced.

[2022-10-16 17:07:38 #14 type] 
Type domain.Mensaje is not enhanced.

------------------------------------------------------------------------------------------------------------------------

[2022-10-16 17:09:18 #1 store] 
Database 'C:\Users\Propietario\git\repositoryIS\Bets21\src\main\resources\bets.temp' has been recovered (tr. 830-833)

[2022-10-16 17:09:18 #2 store] 
Database 'C:\Users\Propietario\git\repositoryIS\Bets21\src\main\resources\bets.temp' is opened by 10140@pc-1631545154

[2022-10-16 17:09:18 #3 store] 
Configuration path: ?

[2022-10-16 17:09:18 #4 type] 
Type domain.Subdito is not enhanced.

[2022-10-16 17:09:18 #5 type] 
Type domain.Admin is not enhanced.

[2022-10-16 17:09:18 #6 type] 
Type domain.Usuario is not enhanced.

[2022-10-16 17:09:18 #7 type] 
Type domain.Cupon is not enhanced.

[2022-10-16 17:09:18 #8 type] 
Type domain.Apuesta is not enhanced.

[2022-10-16 17:09:18 #9 type] 
Type domain.Event is not enhanced.

[2022-10-16 17:09:18 #10 type] 
Type domain.Pronostico is not enhanced.

[2022-10-16 17:09:18 #11 type] 
Type domain.Seleccion is not enhanced.

[2022-10-16 17:09:18 #12 type] 
Type domain.Question is not enhanced.

[2022-10-16 17:09:18 #13 type] 
Type domain.Estadistica is not enhanced.

[2022-10-16 17:09:18 #14 type] 
Type domain.Mensaje is not enhanced.

------------------------------------------------------------------------------------------------------------------------

[2022-10-16 17:11:53 #1 store] 
Database 'C:\Users\Propietario\git\repositoryIS\Bets21\src\main\resources\bets.temp' has been recovered (tr. 834-837)

[2022-10-16 17:11:53 #2 store] 
Database 'C:\Users\Propietario\git\repositoryIS\Bets21\src\main\resources\bets.temp' is opened by 12960@pc-1631545154

[2022-10-16 17:11:53 #3 store] 
Configuration path: ?

[2022-10-16 17:11:53 #4 type] 
Type domain.Subdito is not enhanced.

[2022-10-16 17:11:53 #5 type] 
Type domain.Admin is not enhanced.

[2022-10-16 17:11:53 #6 type] 
Type domain.Usuario is not enhanced.

[2022-10-16 17:11:53 #7 type] 
Type domain.Cupon is not enhanced.

[2022-10-16 17:11:53 #8 type] 
Type domain.Apuesta is not enhanced.

[2022-10-16 17:11:53 #9 type] 
Type domain.Event is not enhanced.

[2022-10-16 17:11:53 #10 type] 
Type domain.Pronostico is not enhanced.

[2022-10-16 17:11:53 #11 type] 
Type domain.Seleccion is not enhanced.

[2022-10-16 17:11:53 #12 type] 
Type domain.Question is not enhanced.

[2022-10-16 17:11:53 #13 type] 
Type domain.Estadistica is not enhanced.

[2022-10-16 17:11:53 #14 type] 
Type domain.Mensaje is not enhanced.

------------------------------------------------------------------------------------------------------------------------

[2022-10-16 17:12:20 #1 store] 
Database 'C:\Users\Propietario\git\repositoryIS\Bets21\src\main\resources\bets.temp' has been recovered (tr. 838-855)

[2022-10-16 17:12:20 #2 store] 
Database 'C:\Users\Propietario\git\repositoryIS\Bets21\src\main\resources\bets.temp' is opened by 14104@pc-1631545154

[2022-10-16 17:12:20 #3 store] 
Configuration path: ?

[2022-10-16 17:12:20 #4 type] 
Type domain.Subdito is not enhanced.

[2022-10-16 17:12:20 #5 type] 
Type domain.Admin is not enhanced.

[2022-10-16 17:12:20 #6 type] 
Type domain.Usuario is not enhanced.

[2022-10-16 17:12:20 #7 type] 
Type domain.Cupon is not enhanced.

[2022-10-16 17:12:20 #8 type] 
Type domain.Apuesta is not enhanced.

[2022-10-16 17:12:20 #9 type] 
Type domain.Event is not enhanced.

[2022-10-16 17:12:20 #10 type] 
Type domain.Pronostico is not enhanced.

[2022-10-16 17:12:20 #11 type] 
Type domain.Seleccion is not enhanced.

[2022-10-16 17:12:20 #12 type] 
Type domain.Question is not enhanced.

[2022-10-16 17:12:20 #13 type] 
Type domain.Estadistica is not enhanced.

[2022-10-16 17:12:20 #14 type] 
Type domain.Mensaje is not enhanced.

------------------------------------------------------------------------------------------------------------------------

[2022-10-16 17:14:49 #1 store] 
Database 'C:\Users\Propietario\git\repositoryIS\Bets21\src\main\resources\bets.temp' has been recovered (tr. 856-859)

[2022-10-16 17:14:49 #2 store] 
Database 'C:\Users\Propietario\git\repositoryIS\Bets21\src\main\resources\bets.temp' is opened by 4824@pc-1631545154

[2022-10-16 17:14:49 #3 store] 
Configuration path: ?

[2022-10-16 17:14:49 #4 type] 
Type domain.Subdito is not enhanced.

[2022-10-16 17:14:49 #5 type] 
Type domain.Admin is not enhanced.

[2022-10-16 17:14:49 #6 type] 
Type domain.Usuario is not enhanced.

[2022-10-16 17:14:49 #7 type] 
Type domain.Cupon is not enhanced.

[2022-10-16 17:14:49 #8 type] 
Type domain.Apuesta is not enhanced.

[2022-10-16 17:14:49 #9 type] 
Type domain.Event is not enhanced.

[2022-10-16 17:14:49 #10 type] 
Type domain.Pronostico is not enhanced.

[2022-10-16 17:14:49 #11 type] 
Type domain.Seleccion is not enhanced.

[2022-10-16 17:14:49 #12 type] 
Type domain.Question is not enhanced.

[2022-10-16 17:14:49 #13 type] 
Type domain.Estadistica is not enhanced.

[2022-10-16 17:14:49 #14 type] 
Type domain.Mensaje is not enhanced.

------------------------------------------------------------------------------------------------------------------------

[2022-10-16 17:19:34 #1 store] 
Database 'C:\Users\Propietario\git\repositoryIS\Bets21\src\main\resources\bets.temp' has been recovered (tr. 860-864)

[2022-10-16 17:19:34 #2 store] 
Database 'C:\Users\Propietario\git\repositoryIS\Bets21\src\main\resources\bets.temp' is opened by 7440@pc-1631545154

[2022-10-16 17:19:34 #3 store] 
Configuration path: ?

[2022-10-16 17:19:34 #4 type] 
Type domain.Subdito is not enhanced.

[2022-10-16 17:19:34 #5 type] 
Type domain.Admin is not enhanced.

[2022-10-16 17:19:34 #6 type] 
Type domain.Usuario is not enhanced.

[2022-10-16 17:19:34 #7 type] 
Type domain.Cupon is not enhanced.

[2022-10-16 17:19:34 #8 type] 
Type domain.Apuesta is not enhanced.

[2022-10-16 17:19:34 #9 type] 
Type domain.Event is not enhanced.

[2022-10-16 17:19:34 #10 type] 
Type domain.Pronostico is not enhanced.

[2022-10-16 17:19:34 #11 type] 
Type domain.Seleccion is not enhanced.

[2022-10-16 17:19:34 #12 type] 
Type domain.Question is not enhanced.

[2022-10-16 17:19:34 #13 type] 
Type domain.Estadistica is not enhanced.

[2022-10-16 17:19:34 #14 type] 
Type domain.Mensaje is not enhanced.

------------------------------------------------------------------------------------------------------------------------

[2022-10-16 17:20:14 #1 store] 
Database 'C:\Users\Propietario\git\repositoryIS\Bets21\src\main\resources\bets.temp' has been recovered (tr. 865-869)

[2022-10-16 17:20:14 #2 store] 
Database 'C:\Users\Propietario\git\repositoryIS\Bets21\src\main\resources\bets.temp' is opened by 9172@pc-1631545154

[2022-10-16 17:20:14 #3 store] 
Configuration path: ?

[2022-10-16 17:20:14 #4 type] 
Type domain.Subdito is not enhanced.

[2022-10-16 17:20:14 #5 type] 
Type domain.Admin is not enhanced.

[2022-10-16 17:20:14 #6 type] 
Type domain.Usuario is not enhanced.

[2022-10-16 17:20:14 #7 type] 
Type domain.Cupon is not enhanced.

[2022-10-16 17:20:14 #8 type] 
Type domain.Apuesta is not enhanced.

[2022-10-16 17:20:14 #9 type] 
Type domain.Event is not enhanced.

[2022-10-16 17:20:14 #10 type] 
Type domain.Pronostico is not enhanced.

[2022-10-16 17:20:14 #11 type] 
Type domain.Seleccion is not enhanced.

[2022-10-16 17:20:14 #12 type] 
Type domain.Question is not enhanced.

[2022-10-16 17:20:14 #13 type] 
Type domain.Estadistica is not enhanced.

[2022-10-16 17:20:14 #14 type] 
Type domain.Mensaje is not enhanced.

------------------------------------------------------------------------------------------------------------------------

[2022-10-16 17:20:59 #1 store] 
Database 'C:\Users\Propietario\git\repositoryIS\Bets21\src\main\resources\bets.temp' has been recovered (tr. 870-874)

[2022-10-16 17:20:59 #2 store] 
Database 'C:\Users\Propietario\git\repositoryIS\Bets21\src\main\resources\bets.temp' is opened by 12520@pc-1631545154

[2022-10-16 17:20:59 #3 store] 
Configuration path: ?

[2022-10-16 17:20:59 #4 type] 
Type domain.Subdito is not enhanced.

[2022-10-16 17:20:59 #5 type] 
Type domain.Admin is not enhanced.

[2022-10-16 17:20:59 #6 type] 
Type domain.Usuario is not enhanced.

[2022-10-16 17:20:59 #7 type] 
Type domain.Cupon is not enhanced.

[2022-10-16 17:20:59 #8 type] 
Type domain.Apuesta is not enhanced.

[2022-10-16 17:20:59 #9 type] 
Type domain.Event is not enhanced.

[2022-10-16 17:20:59 #10 type] 
Type domain.Pronostico is not enhanced.

[2022-10-16 17:20:59 #11 type] 
Type domain.Seleccion is not enhanced.

[2022-10-16 17:20:59 #12 type] 
Type domain.Question is not enhanced.

[2022-10-16 17:20:59 #13 type] 
Type domain.Estadistica is not enhanced.

[2022-10-16 17:20:59 #14 type] 
Type domain.Mensaje is not enhanced.

------------------------------------------------------------------------------------------------------------------------

[2022-10-16 17:24:26 #1 store] 
Database 'C:\Users\Propietario\git\repositoryIS\Bets21\src\main\resources\bets.temp' has been recovered (tr. 875-878)

[2022-10-16 17:24:26 #2 store] 
Database 'C:\Users\Propietario\git\repositoryIS\Bets21\src\main\resources\bets.temp' is opened by 3776@pc-1631545154

[2022-10-16 17:24:26 #3 store] 
Configuration path: ?

[2022-10-16 17:24:26 #4 type] 
Type domain.Subdito is not enhanced.

[2022-10-16 17:24:26 #5 type] 
Type domain.Admin is not enhanced.

[2022-10-16 17:24:26 #6 type] 
Type domain.Usuario is not enhanced.

[2022-10-16 17:24:26 #7 type] 
Type domain.Cupon is not enhanced.

[2022-10-16 17:24:26 #8 type] 
Type domain.Apuesta is not enhanced.

[2022-10-16 17:24:26 #9 type] 
Type domain.Event is not enhanced.

[2022-10-16 17:24:26 #10 type] 
Type domain.Pronostico is not enhanced.

[2022-10-16 17:24:26 #11 type] 
Type domain.Seleccion is not enhanced.

[2022-10-16 17:24:26 #12 type] 
Type domain.Question is not enhanced.

[2022-10-16 17:24:26 #13 type] 
Type domain.Estadistica is not enhanced.

[2022-10-16 17:24:26 #14 type] 
Type domain.Mensaje is not enhanced.

------------------------------------------------------------------------------------------------------------------------

[2022-10-16 17:25:03 #1 store] 
Database 'C:\Users\Propietario\git\repositoryIS\Bets21\src\main\resources\bets.temp' has been recovered (tr. 879-882)

[2022-10-16 17:25:03 #2 store] 
Database 'C:\Users\Propietario\git\repositoryIS\Bets21\src\main\resources\bets.temp' is opened by 3168@pc-1631545154

[2022-10-16 17:25:03 #3 store] 
Configuration path: ?

[2022-10-16 17:25:03 #4 type] 
Type domain.Subdito is not enhanced.

[2022-10-16 17:25:03 #5 type] 
Type domain.Admin is not enhanced.

[2022-10-16 17:25:03 #6 type] 
Type domain.Usuario is not enhanced.

[2022-10-16 17:25:03 #7 type] 
Type domain.Cupon is not enhanced.

[2022-10-16 17:25:03 #8 type] 
Type domain.Apuesta is not enhanced.

[2022-10-16 17:25:03 #9 type] 
Type domain.Event is not enhanced.

[2022-10-16 17:25:03 #10 type] 
Type domain.Pronostico is not enhanced.

[2022-10-16 17:25:03 #11 type] 
Type domain.Seleccion is not enhanced.

[2022-10-16 17:25:03 #12 type] 
Type domain.Question is not enhanced.

[2022-10-16 17:25:03 #13 type] 
Type domain.Estadistica is not enhanced.

[2022-10-16 17:25:03 #14 type] 
Type domain.Mensaje is not enhanced.

------------------------------------------------------------------------------------------------------------------------

[2022-10-16 17:30:32 #1 store] 
Database 'C:\Users\Propietario\git\repositoryIS\Bets21\src\main\resources\bets.temp' has been recovered (tr. 883-886)

[2022-10-16 17:30:32 #2 store] 
Database 'C:\Users\Propietario\git\repositoryIS\Bets21\src\main\resources\bets.temp' is opened by 12544@pc-1631545154

[2022-10-16 17:30:32 #3 store] 
Configuration path: ?

[2022-10-16 17:30:32 #4 type] 
Type domain.Subdito is not enhanced.

[2022-10-16 17:30:32 #5 type] 
Type domain.Admin is not enhanced.

[2022-10-16 17:30:32 #6 type] 
Type domain.Usuario is not enhanced.

[2022-10-16 17:30:32 #7 type] 
Type domain.Cupon is not enhanced.

[2022-10-16 17:30:32 #8 type] 
Type domain.Apuesta is not enhanced.

[2022-10-16 17:30:32 #9 type] 
Type domain.Event is not enhanced.

[2022-10-16 17:30:32 #10 type] 
Type domain.Pronostico is not enhanced.

[2022-10-16 17:30:32 #11 type] 
Type domain.Seleccion is not enhanced.

[2022-10-16 17:30:32 #12 type] 
Type domain.Question is not enhanced.

[2022-10-16 17:30:32 #13 type] 
Type domain.Estadistica is not enhanced.

[2022-10-16 17:30:32 #14 type] 
Type domain.Mensaje is not enhanced.

