------------------------------------------------------------------------------------------------------------------------

[2022-10-13 16:11:26 #1 store] 
Database 'C:\Users\Propietario\git\repositoryFinal\Bets21\src\main\resources\bets.temp' has been recovered (tr. 97-98)

[2022-10-13 16:11:26 #2 store] 
Database 'C:\Users\Propietario\git\repositoryFinal\Bets21\src\main\resources\bets.temp' is opened by 6964@pc-1631545154

[2022-10-13 16:11:26 #3 store] 
Configuration path: ?

[2022-10-13 16:11:26 #4 type] 
Type domain.Subdito is not enhanced.

[2022-10-13 16:11:26 #5 type] 
Type domain.Admin is not enhanced.

[2022-10-13 16:11:26 #6 type] 
Type domain.Usuario is not enhanced.

[2022-10-13 16:11:26 #7 type] 
Type domain.Cupon is not enhanced.

[2022-10-13 16:11:26 #8 type] 
Type domain.Apuesta is not enhanced.

[2022-10-13 16:11:26 #9 type] 
Type domain.Event is not enhanced.

[2022-10-13 16:11:26 #10 type] 
Type domain.Pronostico is not enhanced.

[2022-10-13 16:11:26 #11 type] 
Type domain.Seleccion is not enhanced.

[2022-10-13 16:11:26 #12 type] 
Type domain.Question is not enhanced.

[2022-10-13 16:11:26 #13 type] 
Type domain.Estadistica is not enhanced.

[2022-10-13 16:11:26 #14 type] 
Type domain.Mensaje is not enhanced.

------------------------------------------------------------------------------------------------------------------------

[2022-10-13 16:14:49 #1 store] 
Database 'C:\Users\Propietario\git\repositoryFinal\Bets21\src\main\resources\bets.temp' has been recovered (tr. 99-106)

[2022-10-13 16:14:49 #2 store] 
Database 'C:\Users\Propietario\git\repositoryFinal\Bets21\src\main\resources\bets.temp' is opened by 8736@pc-1631545154

[2022-10-13 16:14:49 #3 store] 
Configuration path: ?

[2022-10-13 16:14:49 #4 type] 
Type domain.Subdito is not enhanced.

[2022-10-13 16:14:49 #5 type] 
Type domain.Admin is not enhanced.

[2022-10-13 16:14:49 #6 type] 
Type domain.Usuario is not enhanced.

[2022-10-13 16:14:49 #7 type] 
Type domain.Cupon is not enhanced.

[2022-10-13 16:14:49 #8 type] 
Type domain.Apuesta is not enhanced.

[2022-10-13 16:14:49 #9 type] 
Type domain.Event is not enhanced.

[2022-10-13 16:14:49 #10 type] 
Type domain.Pronostico is not enhanced.

[2022-10-13 16:14:49 #11 type] 
Type domain.Seleccion is not enhanced.

[2022-10-13 16:14:49 #12 type] 
Type domain.Question is not enhanced.

[2022-10-13 16:14:49 #13 type] 
Type domain.Estadistica is not enhanced.

[2022-10-13 16:14:49 #14 type] 
Type domain.Mensaje is not enhanced.

------------------------------------------------------------------------------------------------------------------------

[2022-10-13 16:26:09 #1 store] 
Database 'C:\Users\Propietario\git\repositoryFinal\Bets21\src\main\resources\bets.temp' is opened by 6684@pc-1631545154

[2022-10-13 16:26:09 #2 store] 
Configuration path: ?

[2022-10-13 16:26:09 #3 type] 
Type domain.Subdito is not enhanced.

[2022-10-13 16:26:09 #4 type] 
Type domain.Admin is not enhanced.

[2022-10-13 16:26:09 #5 type] 
Type domain.Usuario is not enhanced.

[2022-10-13 16:26:09 #6 type] 
Type domain.Cupon is not enhanced.

[2022-10-13 16:26:09 #7 type] 
Type domain.Apuesta is not enhanced.

[2022-10-13 16:26:09 #8 type] 
Type domain.Event is not enhanced.

[2022-10-13 16:26:09 #9 type] 
Type domain.Pronostico is not enhanced.

[2022-10-13 16:26:09 #10 type] 
Type domain.Seleccion is not enhanced.

[2022-10-13 16:26:09 #11 type] 
Type domain.Question is not enhanced.

[2022-10-13 16:26:09 #12 type] 
Type domain.Estadistica is not enhanced.

[2022-10-13 16:26:09 #13 type] 
Type domain.Mensaje is not enhanced.

------------------------------------------------------------------------------------------------------------------------

[2022-10-13 16:29:56 #1 store] 
Database 'C:\Users\Propietario\git\repositoryFinal\Bets21\src\main\resources\bets.temp' is opened by 9116@pc-1631545154

[2022-10-13 16:29:56 #2 store] 
Configuration path: ?

[2022-10-13 16:29:56 #3 type] 
Type domain.Subdito is not enhanced.

[2022-10-13 16:29:56 #4 type] 
Type domain.Admin is not enhanced.

[2022-10-13 16:29:56 #5 type] 
Type domain.Usuario is not enhanced.

[2022-10-13 16:29:56 #6 type] 
Type domain.Cupon is not enhanced.

[2022-10-13 16:29:56 #7 type] 
Type domain.Apuesta is not enhanced.

[2022-10-13 16:29:56 #8 type] 
Type domain.Event is not enhanced.

[2022-10-13 16:29:56 #9 type] 
Type domain.Pronostico is not enhanced.

[2022-10-13 16:29:56 #10 type] 
Type domain.Seleccion is not enhanced.

[2022-10-13 16:29:56 #11 type] 
Type domain.Question is not enhanced.

[2022-10-13 16:29:56 #12 type] 
Type domain.Estadistica is not enhanced.

[2022-10-13 16:29:56 #13 type] 
Type domain.Mensaje is not enhanced.

------------------------------------------------------------------------------------------------------------------------

[2022-10-13 17:12:29 #1 store] 
Database 'C:\Users\Propietario\git\repositoryFinal\Bets21\src\main\resources\bets.temp' is opened by 6608@pc-1631545154

[2022-10-13 17:12:29 #2 store] 
Configuration path: ?

[2022-10-13 17:12:30 #3 type] 
Type domain.Subdito is not enhanced.

[2022-10-13 17:12:30 #4 type] 
Type domain.Admin is not enhanced.

[2022-10-13 17:12:30 #5 type] 
Type domain.Usuario is not enhanced.

[2022-10-13 17:12:30 #6 type] 
Type domain.Cupon is not enhanced.

[2022-10-13 17:12:30 #7 type] 
Type domain.Apuesta is not enhanced.

[2022-10-13 17:12:30 #8 type] 
Type domain.Event is not enhanced.

[2022-10-13 17:12:30 #9 type] 
Type domain.Pronostico is not enhanced.

[2022-10-13 17:12:30 #10 type] 
Type domain.Seleccion is not enhanced.

[2022-10-13 17:12:30 #11 type] 
Type domain.Question is not enhanced.

[2022-10-13 17:12:30 #12 type] 
Type domain.Estadistica is not enhanced.

[2022-10-13 17:12:30 #13 type] 
Type domain.Mensaje is not enhanced.

------------------------------------------------------------------------------------------------------------------------

[2022-10-13 17:14:53 #1 store] 
Database 'C:\Users\Propietario\git\repositoryFinal\Bets21\src\main\resources\bets.temp' has been recovered (tr. 112-226)

[2022-10-13 17:14:53 #2 store] 
Database 'C:\Users\Propietario\git\repositoryFinal\Bets21\src\main\resources\bets.temp' is opened by 9700@pc-1631545154

[2022-10-13 17:14:53 #3 store] 
Configuration path: ?

[2022-10-13 17:14:53 #4 type] 
Type domain.Subdito is not enhanced.

[2022-10-13 17:14:53 #5 type] 
Type domain.Admin is not enhanced.

[2022-10-13 17:14:53 #6 type] 
Type domain.Usuario is not enhanced.

[2022-10-13 17:14:53 #7 type] 
Type domain.Cupon is not enhanced.

[2022-10-13 17:14:53 #8 type] 
Type domain.Apuesta is not enhanced.

[2022-10-13 17:14:53 #9 type] 
Type domain.Event is not enhanced.

[2022-10-13 17:14:53 #10 type] 
Type domain.Pronostico is not enhanced.

[2022-10-13 17:14:53 #11 type] 
Type domain.Seleccion is not enhanced.

[2022-10-13 17:14:53 #12 type] 
Type domain.Question is not enhanced.

[2022-10-13 17:14:53 #13 type] 
Type domain.Estadistica is not enhanced.

[2022-10-13 17:14:53 #14 type] 
Type domain.Mensaje is not enhanced.

------------------------------------------------------------------------------------------------------------------------

[2022-10-13 18:21:18 #1 store] 
Database 'C:\Users\Propietario\git\repositoryFinal\Bets21\src\main\resources\bets.temp' has been recovered (tr. 227-341)

[2022-10-13 18:21:18 #2 store] 
Database 'C:\Users\Propietario\git\repositoryFinal\Bets21\src\main\resources\bets.temp' is opened by 9676@pc-1631545154

[2022-10-13 18:21:18 #3 store] 
Configuration path: ?

[2022-10-13 18:21:18 #4 type] 
Type domain.Subdito is not enhanced.

[2022-10-13 18:21:18 #5 type] 
Type domain.Admin is not enhanced.

[2022-10-13 18:21:18 #6 type] 
Type domain.Usuario is not enhanced.

[2022-10-13 18:21:18 #7 type] 
Type domain.Cupon is not enhanced.

[2022-10-13 18:21:18 #8 type] 
Type domain.Apuesta is not enhanced.

[2022-10-13 18:21:18 #9 type] 
Type domain.Event is not enhanced.

[2022-10-13 18:21:18 #10 type] 
Type domain.Pronostico is not enhanced.

[2022-10-13 18:21:18 #11 type] 
Type domain.Seleccion is not enhanced.

[2022-10-13 18:21:18 #12 type] 
Type domain.Question is not enhanced.

[2022-10-13 18:21:18 #13 type] 
Type domain.Estadistica is not enhanced.

[2022-10-13 18:21:18 #14 type] 
Type domain.Mensaje is not enhanced.

