------------------------------------------------------------------------------------------------------------------------

[2022-10-14 12:35:55 #1 store] 
Database 'C:\Users\Propietario\git\repositoryFinal\Bets21\src\main\resources\bets.temp' has been recovered (tr. 342-456)

[2022-10-14 12:35:56 #2 store] 
Database 'C:\Users\Propietario\git\repositoryFinal\Bets21\src\main\resources\bets.temp' is opened by 12400@pc-1631545154

[2022-10-14 12:35:56 #3 store] 
Configuration path: ?

[2022-10-14 12:35:56 #4 type] 
Type domain.Subdito is not enhanced.

[2022-10-14 12:35:56 #5 type] 
Type domain.Admin is not enhanced.

[2022-10-14 12:35:56 #6 type] 
Type domain.Usuario is not enhanced.

[2022-10-14 12:35:56 #7 type] 
Type domain.Cupon is not enhanced.

[2022-10-14 12:35:56 #8 type] 
Type domain.Apuesta is not enhanced.

[2022-10-14 12:35:56 #9 type] 
Type domain.Event is not enhanced.

[2022-10-14 12:35:56 #10 type] 
Type domain.Pronostico is not enhanced.

[2022-10-14 12:35:56 #11 type] 
Type domain.Seleccion is not enhanced.

[2022-10-14 12:35:56 #12 type] 
Type domain.Question is not enhanced.

[2022-10-14 12:35:56 #13 type] 
Type domain.Estadistica is not enhanced.

[2022-10-14 12:35:56 #14 type] 
Type domain.Mensaje is not enhanced.

------------------------------------------------------------------------------------------------------------------------

[2022-10-14 12:40:08 #1 store] 
Database 'C:\Users\Propietario\git\repositoryFinal\Bets21\src\main\resources\bets.temp' has been recovered (tr. 457-571)

[2022-10-14 12:40:08 #2 store] 
Database 'C:\Users\Propietario\git\repositoryFinal\Bets21\src\main\resources\bets.temp' is opened by 14076@pc-1631545154

[2022-10-14 12:40:08 #3 store] 
Configuration path: ?

[2022-10-14 12:40:08 #4 type] 
Type domain.Subdito is not enhanced.

[2022-10-14 12:40:08 #5 type] 
Type domain.Admin is not enhanced.

[2022-10-14 12:40:08 #6 type] 
Type domain.Usuario is not enhanced.

[2022-10-14 12:40:08 #7 type] 
Type domain.Cupon is not enhanced.

[2022-10-14 12:40:08 #8 type] 
Type domain.Apuesta is not enhanced.

[2022-10-14 12:40:08 #9 type] 
Type domain.Event is not enhanced.

[2022-10-14 12:40:08 #10 type] 
Type domain.Pronostico is not enhanced.

[2022-10-14 12:40:08 #11 type] 
Type domain.Seleccion is not enhanced.

[2022-10-14 12:40:08 #12 type] 
Type domain.Question is not enhanced.

[2022-10-14 12:40:08 #13 type] 
Type domain.Estadistica is not enhanced.

[2022-10-14 12:40:08 #14 type] 
Type domain.Mensaje is not enhanced.

------------------------------------------------------------------------------------------------------------------------

[2022-10-14 12:40:49 #1 store] 
Database 'C:\Users\Propietario\git\repositoryFinal\Bets21\src\main\resources\bets.temp' has been recovered (tr. 572-589)

[2022-10-14 12:40:49 #2 store] 
Database 'C:\Users\Propietario\git\repositoryFinal\Bets21\src\main\resources\bets.temp' is opened by 12144@pc-1631545154

[2022-10-14 12:40:49 #3 store] 
Configuration path: ?

[2022-10-14 12:40:49 #4 type] 
Type domain.Subdito is not enhanced.

[2022-10-14 12:40:49 #5 type] 
Type domain.Admin is not enhanced.

[2022-10-14 12:40:49 #6 type] 
Type domain.Usuario is not enhanced.

[2022-10-14 12:40:49 #7 type] 
Type domain.Cupon is not enhanced.

[2022-10-14 12:40:49 #8 type] 
Type domain.Apuesta is not enhanced.

[2022-10-14 12:40:49 #9 type] 
Type domain.Event is not enhanced.

[2022-10-14 12:40:49 #10 type] 
Type domain.Pronostico is not enhanced.

[2022-10-14 12:40:49 #11 type] 
Type domain.Seleccion is not enhanced.

[2022-10-14 12:40:49 #12 type] 
Type domain.Question is not enhanced.

[2022-10-14 12:40:49 #13 type] 
Type domain.Estadistica is not enhanced.

[2022-10-14 12:40:49 #14 type] 
Type domain.Mensaje is not enhanced.

------------------------------------------------------------------------------------------------------------------------

[2022-10-14 14:22:03 #1 store] 
Database 'C:\Users\Propietario\git\repositoryFinal\Bets21\src\main\resources\bets.temp' has been recovered (tr. 590-594)

[2022-10-14 14:22:03 #2 store] 
Database 'C:\Users\Propietario\git\repositoryFinal\Bets21\src\main\resources\bets.temp' is opened by 6648@pc-1631545154

[2022-10-14 14:22:03 #3 store] 
Configuration path: ?

[2022-10-14 14:22:03 #4 type] 
Type domain.Subdito is not enhanced.

[2022-10-14 14:22:03 #5 type] 
Type domain.Admin is not enhanced.

[2022-10-14 14:22:03 #6 type] 
Type domain.Usuario is not enhanced.

[2022-10-14 14:22:03 #7 type] 
Type domain.Cupon is not enhanced.

[2022-10-14 14:22:04 #8 type] 
Type domain.Apuesta is not enhanced.

[2022-10-14 14:22:04 #9 type] 
Type domain.Event is not enhanced.

[2022-10-14 14:22:04 #10 type] 
Type domain.Pronostico is not enhanced.

[2022-10-14 14:22:04 #11 type] 
Type domain.Seleccion is not enhanced.

[2022-10-14 14:22:04 #12 type] 
Type domain.Question is not enhanced.

[2022-10-14 14:22:04 #13 type] 
Type domain.Estadistica is not enhanced.

[2022-10-14 14:22:04 #14 type] 
Type domain.Mensaje is not enhanced.

------------------------------------------------------------------------------------------------------------------------

[2022-10-14 19:20:42 #1 store] 
Database 'C:\Users\Propietario\git\repositoryFinal\Bets21\src\main\resources\bets.temp' has been recovered (tr. 595-709)

[2022-10-14 19:20:42 #2 store] 
Database 'C:\Users\Propietario\git\repositoryFinal\Bets21\src\main\resources\bets.temp' is opened by 6468@pc-1631545154

[2022-10-14 19:20:42 #3 store] 
Configuration path: ?

[2022-10-14 19:20:43 #4 type] 
Type domain.Subdito is not enhanced.

[2022-10-14 19:20:43 #5 type] 
Type domain.Admin is not enhanced.

[2022-10-14 19:20:43 #6 type] 
Type domain.Usuario is not enhanced.

[2022-10-14 19:20:43 #7 type] 
Type domain.Cupon is not enhanced.

[2022-10-14 19:20:43 #8 type] 
Type domain.Apuesta is not enhanced.

[2022-10-14 19:20:43 #9 type] 
Type domain.Event is not enhanced.

[2022-10-14 19:20:43 #10 type] 
Type domain.Pronostico is not enhanced.

[2022-10-14 19:20:43 #11 type] 
Type domain.Seleccion is not enhanced.

[2022-10-14 19:20:43 #12 type] 
Type domain.Question is not enhanced.

[2022-10-14 19:20:43 #13 type] 
Type domain.Estadistica is not enhanced.

[2022-10-14 19:20:43 #14 type] 
Type domain.Mensaje is not enhanced.

