------------------------------------------------------------------------------------------------------------------------

[2022-10-18 15:48:04 #1 store] 
Database 'C:\Users\Propietario\git\BetsApuestas\src\main\resources\bets.temp' has been recovered (tr. 887-895)

[2022-10-18 15:48:04 #2 store] 
Database 'C:\Users\Propietario\git\BetsApuestas\src\main\resources\bets.temp' is opened by 10152@pc-1631545154

[2022-10-18 15:48:04 #3 store] 
Configuration path: ?

[2022-10-18 15:48:04 #4 type] 
Type domain.Subdito is not enhanced.

[2022-10-18 15:48:04 #5 type] 
Type domain.Admin is not enhanced.

[2022-10-18 15:48:04 #6 type] 
Type domain.Usuario is not enhanced.

[2022-10-18 15:48:04 #7 type] 
Type domain.Cupon is not enhanced.

[2022-10-18 15:48:04 #8 type] 
Type domain.Apuesta is not enhanced.

[2022-10-18 15:48:04 #9 type] 
Type domain.Event is not enhanced.

[2022-10-18 15:48:04 #10 type] 
Type domain.Pronostico is not enhanced.

[2022-10-18 15:48:04 #11 type] 
Type domain.Seleccion is not enhanced.

[2022-10-18 15:48:04 #12 type] 
Type domain.Question is not enhanced.

[2022-10-18 15:48:04 #13 type] 
Type domain.Estadistica is not enhanced.

[2022-10-18 15:48:04 #14 type] 
Type domain.Mensaje is not enhanced.

------------------------------------------------------------------------------------------------------------------------

[2022-10-18 16:01:30 #1 store] 
Database 'C:\Users\Propietario\git\BetsApuestas\src\main\resources\bets.temp' has been recovered (tr. 896-1009)

[2022-10-18 16:01:30 #2 store] 
Database 'C:\Users\Propietario\git\BetsApuestas\src\main\resources\bets.temp' is opened by 10360@pc-1631545154

[2022-10-18 16:01:30 #3 store] 
Configuration path: ?

[2022-10-18 16:01:30 #4 type] 
Type domain.Subdito is not enhanced.

[2022-10-18 16:01:30 #5 type] 
Type domain.Admin is not enhanced.

[2022-10-18 16:01:30 #6 type] 
Type domain.Usuario is not enhanced.

[2022-10-18 16:01:30 #7 type] 
Type domain.Cupon is not enhanced.

[2022-10-18 16:01:30 #8 type] 
Type domain.Apuesta is not enhanced.

[2022-10-18 16:01:30 #9 type] 
Type domain.Event is not enhanced.

[2022-10-18 16:01:30 #10 type] 
Type domain.Pronostico is not enhanced.

[2022-10-18 16:01:30 #11 type] 
Type domain.Seleccion is not enhanced.

[2022-10-18 16:01:30 #12 type] 
Type domain.Question is not enhanced.

[2022-10-18 16:01:30 #13 type] 
Type domain.Estadistica is not enhanced.

[2022-10-18 16:01:30 #14 type] 
Type domain.Mensaje is not enhanced.

------------------------------------------------------------------------------------------------------------------------

[2022-10-18 16:03:52 #1 store] 
Database 'C:\Users\Propietario\git\BetsApuestas\src\main\resources\bets.temp' has been recovered (tr. 1010-1123)

[2022-10-18 16:03:52 #2 store] 
Database 'C:\Users\Propietario\git\BetsApuestas\src\main\resources\bets.temp' is opened by 8848@pc-1631545154

[2022-10-18 16:03:52 #3 store] 
Configuration path: ?

[2022-10-18 16:03:52 #4 type] 
Type domain.Subdito is not enhanced.

[2022-10-18 16:03:52 #5 type] 
Type domain.Admin is not enhanced.

[2022-10-18 16:03:52 #6 type] 
Type domain.Usuario is not enhanced.

[2022-10-18 16:03:52 #7 type] 
Type domain.Cupon is not enhanced.

[2022-10-18 16:03:52 #8 type] 
Type domain.Apuesta is not enhanced.

[2022-10-18 16:03:52 #9 type] 
Type domain.Event is not enhanced.

[2022-10-18 16:03:52 #10 type] 
Type domain.Pronostico is not enhanced.

[2022-10-18 16:03:52 #11 type] 
Type domain.Seleccion is not enhanced.

[2022-10-18 16:03:52 #12 type] 
Type domain.Question is not enhanced.

[2022-10-18 16:03:52 #13 type] 
Type domain.Estadistica is not enhanced.

[2022-10-18 16:03:52 #14 type] 
Type domain.Mensaje is not enhanced.

------------------------------------------------------------------------------------------------------------------------

[2022-10-18 16:07:42 #1 store] 
Database 'C:\Users\Propietario\git\BetsApuestas\src\main\resources\bets.temp' has been recovered (tr. 1124-1235)

[2022-10-18 16:07:43 #2 store] 
Database 'C:\Users\Propietario\git\BetsApuestas\src\main\resources\bets.temp' is opened by 10612@pc-1631545154

[2022-10-18 16:07:43 #3 store] 
Configuration path: ?

[2022-10-18 16:07:43 #4 type] 
Type domain.Subdito is not enhanced.

[2022-10-18 16:07:43 #5 type] 
Type domain.Admin is not enhanced.

[2022-10-18 16:07:43 #6 type] 
Type domain.Usuario is not enhanced.

[2022-10-18 16:07:43 #7 type] 
Type domain.Cupon is not enhanced.

[2022-10-18 16:07:43 #8 type] 
Type domain.Apuesta is not enhanced.

[2022-10-18 16:07:43 #9 type] 
Type domain.Event is not enhanced.

[2022-10-18 16:07:43 #10 type] 
Type domain.Pronostico is not enhanced.

[2022-10-18 16:07:43 #11 type] 
Type domain.Seleccion is not enhanced.

[2022-10-18 16:07:43 #12 type] 
Type domain.Question is not enhanced.

[2022-10-18 16:07:43 #13 type] 
Type domain.Estadistica is not enhanced.

[2022-10-18 16:07:43 #14 type] 
Type domain.Mensaje is not enhanced.

------------------------------------------------------------------------------------------------------------------------

[2022-10-18 18:02:12 #1 store] 
Database 'C:\Users\Propietario\git\BetsApuestas\src\main\resources\bets.temp' has been recovered (tr. 1236-1347)

[2022-10-18 18:02:12 #2 store] 
Database 'C:\Users\Propietario\git\BetsApuestas\src\main\resources\bets.temp' is opened by 11536@pc-1631545154

[2022-10-18 18:02:12 #3 store] 
Configuration path: ?

[2022-10-18 18:02:12 #4 type] 
Type domain.Subdito is not enhanced.

[2022-10-18 18:02:12 #5 type] 
Type domain.Admin is not enhanced.

[2022-10-18 18:02:12 #6 type] 
Type domain.Usuario is not enhanced.

[2022-10-18 18:02:12 #7 type] 
Type domain.Cupon is not enhanced.

[2022-10-18 18:02:12 #8 type] 
Type domain.Apuesta is not enhanced.

[2022-10-18 18:02:12 #9 type] 
Type domain.Event is not enhanced.

[2022-10-18 18:02:12 #10 type] 
Type domain.Pronostico is not enhanced.

[2022-10-18 18:02:12 #11 type] 
Type domain.Seleccion is not enhanced.

[2022-10-18 18:02:12 #12 type] 
Type domain.Question is not enhanced.

[2022-10-18 18:02:12 #13 type] 
Type domain.Estadistica is not enhanced.

[2022-10-18 18:02:12 #14 type] 
Type domain.Mensaje is not enhanced.

------------------------------------------------------------------------------------------------------------------------

[2022-10-18 18:07:08 #1 store] 
Database 'C:\Users\Propietario\git\BetsApuestas\src\main\resources\bets.temp' has been recovered (tr. 1348-1459)

[2022-10-18 18:07:08 #2 store] 
Database 'C:\Users\Propietario\git\BetsApuestas\src\main\resources\bets.temp' is opened by 8188@pc-1631545154

[2022-10-18 18:07:08 #3 store] 
Configuration path: ?

[2022-10-18 18:07:08 #4 type] 
Type domain.Subdito is not enhanced.

[2022-10-18 18:07:08 #5 type] 
Type domain.Admin is not enhanced.

[2022-10-18 18:07:08 #6 type] 
Type domain.Usuario is not enhanced.

[2022-10-18 18:07:08 #7 type] 
Type domain.Cupon is not enhanced.

[2022-10-18 18:07:08 #8 type] 
Type domain.Apuesta is not enhanced.

[2022-10-18 18:07:08 #9 type] 
Type domain.Event is not enhanced.

[2022-10-18 18:07:08 #10 type] 
Type domain.Pronostico is not enhanced.

[2022-10-18 18:07:08 #11 type] 
Type domain.Seleccion is not enhanced.

[2022-10-18 18:07:08 #12 type] 
Type domain.Question is not enhanced.

[2022-10-18 18:07:08 #13 type] 
Type domain.Estadistica is not enhanced.

[2022-10-18 18:07:08 #14 type] 
Type domain.Mensaje is not enhanced.

------------------------------------------------------------------------------------------------------------------------

[2022-10-18 18:07:20 #1 store] 
Database 'C:\Users\Propietario\git\BetsApuestas\src\main\resources\bets.temp' has been recovered (tr. 1460-1469)

[2022-10-18 18:07:20 #2 store] 
Database 'C:\Users\Propietario\git\BetsApuestas\src\main\resources\bets.temp' is opened by 1836@pc-1631545154

[2022-10-18 18:07:20 #3 store] 
Configuration path: ?

[2022-10-18 18:07:20 #4 type] 
Type domain.Subdito is not enhanced.

[2022-10-18 18:07:20 #5 type] 
Type domain.Admin is not enhanced.

[2022-10-18 18:07:20 #6 type] 
Type domain.Usuario is not enhanced.

[2022-10-18 18:07:20 #7 type] 
Type domain.Cupon is not enhanced.

[2022-10-18 18:07:20 #8 type] 
Type domain.Apuesta is not enhanced.

[2022-10-18 18:07:20 #9 type] 
Type domain.Event is not enhanced.

[2022-10-18 18:07:20 #10 type] 
Type domain.Pronostico is not enhanced.

[2022-10-18 18:07:20 #11 type] 
Type domain.Seleccion is not enhanced.

[2022-10-18 18:07:20 #12 type] 
Type domain.Question is not enhanced.

[2022-10-18 18:07:20 #13 type] 
Type domain.Estadistica is not enhanced.

[2022-10-18 18:07:20 #14 type] 
Type domain.Mensaje is not enhanced.

------------------------------------------------------------------------------------------------------------------------

[2022-10-18 18:07:28 #1 store] 
Database 'C:\Users\Propietario\git\BetsApuestas\src\main\resources\bets.temp' has been recovered (tr. 1470-1473)

[2022-10-18 18:07:29 #2 store] 
Database 'C:\Users\Propietario\git\BetsApuestas\src\main\resources\bets.temp' is opened by 7900@pc-1631545154

[2022-10-18 18:07:29 #3 store] 
Configuration path: ?

[2022-10-18 18:07:29 #4 type] 
Type domain.Subdito is not enhanced.

[2022-10-18 18:07:29 #5 type] 
Type domain.Admin is not enhanced.

[2022-10-18 18:07:29 #6 type] 
Type domain.Usuario is not enhanced.

[2022-10-18 18:07:29 #7 type] 
Type domain.Cupon is not enhanced.

[2022-10-18 18:07:29 #8 type] 
Type domain.Apuesta is not enhanced.

[2022-10-18 18:07:29 #9 type] 
Type domain.Event is not enhanced.

[2022-10-18 18:07:29 #10 type] 
Type domain.Pronostico is not enhanced.

[2022-10-18 18:07:29 #11 type] 
Type domain.Seleccion is not enhanced.

[2022-10-18 18:07:29 #12 type] 
Type domain.Question is not enhanced.

[2022-10-18 18:07:29 #13 type] 
Type domain.Estadistica is not enhanced.

[2022-10-18 18:07:29 #14 type] 
Type domain.Mensaje is not enhanced.

------------------------------------------------------------------------------------------------------------------------

[2022-10-18 18:07:48 #1 store] 
Database 'C:\Users\Propietario\git\BetsApuestas\src\main\resources\bets.temp' has been recovered (tr. 1474-1483)

[2022-10-18 18:07:48 #2 store] 
Database 'C:\Users\Propietario\git\BetsApuestas\src\main\resources\bets.temp' is opened by 4608@pc-1631545154

[2022-10-18 18:07:48 #3 store] 
Configuration path: ?

[2022-10-18 18:07:49 #4 type] 
Type domain.Subdito is not enhanced.

[2022-10-18 18:07:49 #5 type] 
Type domain.Admin is not enhanced.

[2022-10-18 18:07:49 #6 type] 
Type domain.Usuario is not enhanced.

[2022-10-18 18:07:49 #7 type] 
Type domain.Cupon is not enhanced.

[2022-10-18 18:07:49 #8 type] 
Type domain.Apuesta is not enhanced.

[2022-10-18 18:07:49 #9 type] 
Type domain.Event is not enhanced.

[2022-10-18 18:07:49 #10 type] 
Type domain.Pronostico is not enhanced.

[2022-10-18 18:07:49 #11 type] 
Type domain.Seleccion is not enhanced.

[2022-10-18 18:07:49 #12 type] 
Type domain.Question is not enhanced.

[2022-10-18 18:07:49 #13 type] 
Type domain.Estadistica is not enhanced.

[2022-10-18 18:07:49 #14 type] 
Type domain.Mensaje is not enhanced.

------------------------------------------------------------------------------------------------------------------------

[2022-10-18 18:08:54 #1 store] 
Database 'C:\Users\Propietario\git\BetsApuestas\src\main\resources\bets.temp' has been recovered (tr. 1484-1487)

[2022-10-18 18:08:54 #2 store] 
Database 'C:\Users\Propietario\git\BetsApuestas\src\main\resources\bets.temp' is opened by 12040@pc-1631545154

[2022-10-18 18:08:54 #3 store] 
Configuration path: ?

[2022-10-18 18:08:54 #4 type] 
Type domain.Subdito is not enhanced.

[2022-10-18 18:08:54 #5 type] 
Type domain.Admin is not enhanced.

[2022-10-18 18:08:54 #6 type] 
Type domain.Usuario is not enhanced.

[2022-10-18 18:08:54 #7 type] 
Type domain.Cupon is not enhanced.

[2022-10-18 18:08:54 #8 type] 
Type domain.Apuesta is not enhanced.

[2022-10-18 18:08:54 #9 type] 
Type domain.Event is not enhanced.

[2022-10-18 18:08:54 #10 type] 
Type domain.Pronostico is not enhanced.

[2022-10-18 18:08:54 #11 type] 
Type domain.Seleccion is not enhanced.

[2022-10-18 18:08:54 #12 type] 
Type domain.Question is not enhanced.

[2022-10-18 18:08:54 #13 type] 
Type domain.Estadistica is not enhanced.

[2022-10-18 18:08:54 #14 type] 
Type domain.Mensaje is not enhanced.

------------------------------------------------------------------------------------------------------------------------

[2022-10-18 18:10:11 #1 store] 
Database 'C:\Users\Propietario\git\BetsApuestas\src\main\resources\bets.temp' has been recovered (tr. 1488-1496)

[2022-10-18 18:10:11 #2 store] 
Database 'C:\Users\Propietario\git\BetsApuestas\src\main\resources\bets.temp' is opened by 7228@pc-1631545154

[2022-10-18 18:10:11 #3 store] 
Configuration path: ?

[2022-10-18 18:10:11 #4 type] 
Type domain.Subdito is not enhanced.

[2022-10-18 18:10:11 #5 type] 
Type domain.Admin is not enhanced.

[2022-10-18 18:10:11 #6 type] 
Type domain.Usuario is not enhanced.

[2022-10-18 18:10:11 #7 type] 
Type domain.Cupon is not enhanced.

[2022-10-18 18:10:11 #8 type] 
Type domain.Apuesta is not enhanced.

[2022-10-18 18:10:11 #9 type] 
Type domain.Event is not enhanced.

[2022-10-18 18:10:11 #10 type] 
Type domain.Pronostico is not enhanced.

[2022-10-18 18:10:11 #11 type] 
Type domain.Seleccion is not enhanced.

[2022-10-18 18:10:11 #12 type] 
Type domain.Question is not enhanced.

[2022-10-18 18:10:11 #13 type] 
Type domain.Estadistica is not enhanced.

[2022-10-18 18:10:11 #14 type] 
Type domain.Mensaje is not enhanced.

------------------------------------------------------------------------------------------------------------------------

[2022-10-18 18:37:39 #1 store] 
Database 'C:\Users\Propietario\git\BetsApuestas\src\main\resources\bets.temp' has been recovered (tr. 1497-1505)

[2022-10-18 18:37:39 #2 store] 
Database 'C:\Users\Propietario\git\BetsApuestas\src\main\resources\bets.temp' is opened by 9964@pc-1631545154

[2022-10-18 18:37:39 #3 store] 
Configuration path: ?

[2022-10-18 18:37:39 #4 type] 
Type domain.Subdito is not enhanced.

[2022-10-18 18:37:39 #5 type] 
Type domain.Admin is not enhanced.

[2022-10-18 18:37:39 #6 type] 
Type domain.Usuario is not enhanced.

[2022-10-18 18:37:39 #7 type] 
Type domain.Cupon is not enhanced.

[2022-10-18 18:37:39 #8 type] 
Type domain.Apuesta is not enhanced.

[2022-10-18 18:37:39 #9 type] 
Type domain.Event is not enhanced.

[2022-10-18 18:37:39 #10 type] 
Type domain.Pronostico is not enhanced.

[2022-10-18 18:37:39 #11 type] 
Type domain.Seleccion is not enhanced.

[2022-10-18 18:37:39 #12 type] 
Type domain.Question is not enhanced.

[2022-10-18 18:37:39 #13 type] 
Type domain.Estadistica is not enhanced.

[2022-10-18 18:37:39 #14 type] 
Type domain.Mensaje is not enhanced.

------------------------------------------------------------------------------------------------------------------------

[2022-10-18 18:45:08 #1 store] 
Database 'C:\Users\Propietario\git\BetsApuestas\src\main\resources\bets.temp' has been recovered (tr. 1506-1514)

[2022-10-18 18:45:08 #2 store] 
Database 'C:\Users\Propietario\git\BetsApuestas\src\main\resources\bets.temp' is opened by 8696@pc-1631545154

[2022-10-18 18:45:08 #3 store] 
Configuration path: ?

[2022-10-18 18:45:08 #4 type] 
Type domain.Subdito is not enhanced.

[2022-10-18 18:45:08 #5 type] 
Type domain.Admin is not enhanced.

[2022-10-18 18:45:08 #6 type] 
Type domain.Usuario is not enhanced.

[2022-10-18 18:45:08 #7 type] 
Type domain.Cupon is not enhanced.

[2022-10-18 18:45:08 #8 type] 
Type domain.Apuesta is not enhanced.

[2022-10-18 18:45:08 #9 type] 
Type domain.Event is not enhanced.

[2022-10-18 18:45:08 #10 type] 
Type domain.Pronostico is not enhanced.

[2022-10-18 18:45:08 #11 type] 
Type domain.Seleccion is not enhanced.

[2022-10-18 18:45:08 #12 type] 
Type domain.Question is not enhanced.

[2022-10-18 18:45:08 #13 type] 
Type domain.Estadistica is not enhanced.

[2022-10-18 18:45:08 #14 type] 
Type domain.Mensaje is not enhanced.

------------------------------------------------------------------------------------------------------------------------

[2022-10-18 18:47:00 #1 store] 
Database 'C:\Users\Propietario\git\BetsApuestas\src\main\resources\bets.temp' has been recovered (tr. 1515-1523)

[2022-10-18 18:47:00 #2 store] 
Database 'C:\Users\Propietario\git\BetsApuestas\src\main\resources\bets.temp' is opened by 6764@pc-1631545154

[2022-10-18 18:47:00 #3 store] 
Configuration path: ?

[2022-10-18 18:47:00 #4 type] 
Type domain.Subdito is not enhanced.

[2022-10-18 18:47:00 #5 type] 
Type domain.Admin is not enhanced.

[2022-10-18 18:47:00 #6 type] 
Type domain.Usuario is not enhanced.

[2022-10-18 18:47:00 #7 type] 
Type domain.Cupon is not enhanced.

[2022-10-18 18:47:00 #8 type] 
Type domain.Apuesta is not enhanced.

[2022-10-18 18:47:00 #9 type] 
Type domain.Event is not enhanced.

[2022-10-18 18:47:00 #10 type] 
Type domain.Pronostico is not enhanced.

[2022-10-18 18:47:00 #11 type] 
Type domain.Seleccion is not enhanced.

[2022-10-18 18:47:00 #12 type] 
Type domain.Question is not enhanced.

[2022-10-18 18:47:00 #13 type] 
Type domain.Estadistica is not enhanced.

[2022-10-18 18:47:00 #14 type] 
Type domain.Mensaje is not enhanced.

------------------------------------------------------------------------------------------------------------------------

[2022-10-18 18:47:06 #1 store] 
Database 'C:\Users\Propietario\git\BetsApuestas\src\main\resources\bets.temp' has been recovered (tr. 1524-1532)

[2022-10-18 18:47:06 #2 store] 
Database 'C:\Users\Propietario\git\BetsApuestas\src\main\resources\bets.temp' is opened by 7596@pc-1631545154

[2022-10-18 18:47:06 #3 store] 
Configuration path: ?

[2022-10-18 18:47:06 #4 type] 
Type domain.Subdito is not enhanced.

[2022-10-18 18:47:06 #5 type] 
Type domain.Admin is not enhanced.

[2022-10-18 18:47:06 #6 type] 
Type domain.Usuario is not enhanced.

[2022-10-18 18:47:06 #7 type] 
Type domain.Cupon is not enhanced.

[2022-10-18 18:47:06 #8 type] 
Type domain.Apuesta is not enhanced.

[2022-10-18 18:47:06 #9 type] 
Type domain.Event is not enhanced.

[2022-10-18 18:47:06 #10 type] 
Type domain.Pronostico is not enhanced.

[2022-10-18 18:47:06 #11 type] 
Type domain.Seleccion is not enhanced.

[2022-10-18 18:47:06 #12 type] 
Type domain.Question is not enhanced.

[2022-10-18 18:47:06 #13 type] 
Type domain.Estadistica is not enhanced.

[2022-10-18 18:47:06 #14 type] 
Type domain.Mensaje is not enhanced.

------------------------------------------------------------------------------------------------------------------------

[2022-10-18 18:50:14 #1 store] 
Database 'C:\Users\Propietario\git\BetsApuestas\src\main\resources\bets.temp' has been recovered (tr. 1533-1541)

[2022-10-18 18:50:14 #2 store] 
Database 'C:\Users\Propietario\git\BetsApuestas\src\main\resources\bets.temp' is opened by 4184@pc-1631545154

[2022-10-18 18:50:14 #3 store] 
Configuration path: ?

[2022-10-18 18:50:14 #4 type] 
Type domain.Subdito is not enhanced.

[2022-10-18 18:50:14 #5 type] 
Type domain.Admin is not enhanced.

[2022-10-18 18:50:14 #6 type] 
Type domain.Usuario is not enhanced.

[2022-10-18 18:50:14 #7 type] 
Type domain.Cupon is not enhanced.

[2022-10-18 18:50:14 #8 type] 
Type domain.Apuesta is not enhanced.

[2022-10-18 18:50:14 #9 type] 
Type domain.Event is not enhanced.

[2022-10-18 18:50:14 #10 type] 
Type domain.Pronostico is not enhanced.

[2022-10-18 18:50:14 #11 type] 
Type domain.Seleccion is not enhanced.

[2022-10-18 18:50:14 #12 type] 
Type domain.Question is not enhanced.

[2022-10-18 18:50:14 #13 type] 
Type domain.Estadistica is not enhanced.

[2022-10-18 18:50:14 #14 type] 
Type domain.Mensaje is not enhanced.

------------------------------------------------------------------------------------------------------------------------

[2022-10-18 18:50:24 #1 store] 
Database 'C:\Users\Propietario\git\BetsApuestas\src\main\resources\bets.temp' has been recovered (tr. 1542-1550)

[2022-10-18 18:50:24 #2 store] 
Database 'C:\Users\Propietario\git\BetsApuestas\src\main\resources\bets.temp' is opened by 2528@pc-1631545154

[2022-10-18 18:50:24 #3 store] 
Configuration path: ?

[2022-10-18 18:50:24 #4 type] 
Type domain.Subdito is not enhanced.

[2022-10-18 18:50:24 #5 type] 
Type domain.Admin is not enhanced.

[2022-10-18 18:50:24 #6 type] 
Type domain.Usuario is not enhanced.

[2022-10-18 18:50:24 #7 type] 
Type domain.Cupon is not enhanced.

[2022-10-18 18:50:24 #8 type] 
Type domain.Apuesta is not enhanced.

[2022-10-18 18:50:24 #9 type] 
Type domain.Event is not enhanced.

[2022-10-18 18:50:24 #10 type] 
Type domain.Pronostico is not enhanced.

[2022-10-18 18:50:24 #11 type] 
Type domain.Seleccion is not enhanced.

[2022-10-18 18:50:24 #12 type] 
Type domain.Question is not enhanced.

[2022-10-18 18:50:24 #13 type] 
Type domain.Estadistica is not enhanced.

[2022-10-18 18:50:24 #14 type] 
Type domain.Mensaje is not enhanced.

------------------------------------------------------------------------------------------------------------------------

[2022-10-18 18:52:31 #1 store] 
Database 'C:\Users\Propietario\git\BetsApuestas\src\main\resources\bets.temp' has been recovered (tr. 1551-1559)

[2022-10-18 18:52:31 #2 store] 
Database 'C:\Users\Propietario\git\BetsApuestas\src\main\resources\bets.temp' is opened by 4524@pc-1631545154

[2022-10-18 18:52:31 #3 store] 
Configuration path: ?

[2022-10-18 18:52:31 #4 type] 
Type domain.Subdito is not enhanced.

[2022-10-18 18:52:31 #5 type] 
Type domain.Admin is not enhanced.

[2022-10-18 18:52:31 #6 type] 
Type domain.Usuario is not enhanced.

[2022-10-18 18:52:31 #7 type] 
Type domain.Cupon is not enhanced.

[2022-10-18 18:52:31 #8 type] 
Type domain.Apuesta is not enhanced.

[2022-10-18 18:52:31 #9 type] 
Type domain.Event is not enhanced.

[2022-10-18 18:52:31 #10 type] 
Type domain.Pronostico is not enhanced.

[2022-10-18 18:52:31 #11 type] 
Type domain.Seleccion is not enhanced.

[2022-10-18 18:52:31 #12 type] 
Type domain.Question is not enhanced.

[2022-10-18 18:52:31 #13 type] 
Type domain.Estadistica is not enhanced.

[2022-10-18 18:52:31 #14 type] 
Type domain.Mensaje is not enhanced.

------------------------------------------------------------------------------------------------------------------------

[2022-10-18 18:52:38 #1 store] 
Database 'C:\Users\Propietario\git\BetsApuestas\src\main\resources\bets.temp' has been recovered (tr. 1560-1573)

[2022-10-18 18:52:38 #2 store] 
Database 'C:\Users\Propietario\git\BetsApuestas\src\main\resources\bets.temp' is opened by 11528@pc-1631545154

[2022-10-18 18:52:38 #3 store] 
Configuration path: ?

[2022-10-18 18:52:38 #4 type] 
Type domain.Subdito is not enhanced.

[2022-10-18 18:52:38 #5 type] 
Type domain.Admin is not enhanced.

[2022-10-18 18:52:38 #6 type] 
Type domain.Usuario is not enhanced.

[2022-10-18 18:52:38 #7 type] 
Type domain.Cupon is not enhanced.

[2022-10-18 18:52:38 #8 type] 
Type domain.Apuesta is not enhanced.

[2022-10-18 18:52:38 #9 type] 
Type domain.Event is not enhanced.

[2022-10-18 18:52:38 #10 type] 
Type domain.Pronostico is not enhanced.

[2022-10-18 18:52:38 #11 type] 
Type domain.Seleccion is not enhanced.

[2022-10-18 18:52:38 #12 type] 
Type domain.Question is not enhanced.

[2022-10-18 18:52:38 #13 type] 
Type domain.Estadistica is not enhanced.

[2022-10-18 18:52:38 #14 type] 
Type domain.Mensaje is not enhanced.

------------------------------------------------------------------------------------------------------------------------

[2022-10-18 18:53:35 #1 store] 
Database 'C:\Users\Propietario\git\BetsApuestas\src\main\resources\bets.temp' has been recovered (tr. 1574-1587)

[2022-10-18 18:53:35 #2 store] 
Database 'C:\Users\Propietario\git\BetsApuestas\src\main\resources\bets.temp' is opened by 11896@pc-1631545154

[2022-10-18 18:53:35 #3 store] 
Configuration path: ?

[2022-10-18 18:53:35 #4 type] 
Type domain.Subdito is not enhanced.

[2022-10-18 18:53:35 #5 type] 
Type domain.Admin is not enhanced.

[2022-10-18 18:53:35 #6 type] 
Type domain.Usuario is not enhanced.

[2022-10-18 18:53:35 #7 type] 
Type domain.Cupon is not enhanced.

[2022-10-18 18:53:35 #8 type] 
Type domain.Apuesta is not enhanced.

[2022-10-18 18:53:35 #9 type] 
Type domain.Event is not enhanced.

[2022-10-18 18:53:35 #10 type] 
Type domain.Pronostico is not enhanced.

[2022-10-18 18:53:35 #11 type] 
Type domain.Seleccion is not enhanced.

[2022-10-18 18:53:35 #12 type] 
Type domain.Question is not enhanced.

[2022-10-18 18:53:35 #13 type] 
Type domain.Estadistica is not enhanced.

[2022-10-18 18:53:35 #14 type] 
Type domain.Mensaje is not enhanced.

------------------------------------------------------------------------------------------------------------------------

[2022-10-18 18:53:47 #1 store] 
Database 'C:\Users\Propietario\git\BetsApuestas\src\main\resources\bets.temp' has been recovered (tr. 1588-1601)

[2022-10-18 18:53:47 #2 store] 
Database 'C:\Users\Propietario\git\BetsApuestas\src\main\resources\bets.temp' is opened by 4776@pc-1631545154

[2022-10-18 18:53:47 #3 store] 
Configuration path: ?

[2022-10-18 18:53:47 #4 type] 
Type domain.Subdito is not enhanced.

[2022-10-18 18:53:47 #5 type] 
Type domain.Admin is not enhanced.

[2022-10-18 18:53:47 #6 type] 
Type domain.Usuario is not enhanced.

[2022-10-18 18:53:47 #7 type] 
Type domain.Cupon is not enhanced.

[2022-10-18 18:53:47 #8 type] 
Type domain.Apuesta is not enhanced.

[2022-10-18 18:53:47 #9 type] 
Type domain.Event is not enhanced.

[2022-10-18 18:53:47 #10 type] 
Type domain.Pronostico is not enhanced.

[2022-10-18 18:53:47 #11 type] 
Type domain.Seleccion is not enhanced.

[2022-10-18 18:53:47 #12 type] 
Type domain.Question is not enhanced.

[2022-10-18 18:53:47 #13 type] 
Type domain.Estadistica is not enhanced.

[2022-10-18 18:53:47 #14 type] 
Type domain.Mensaje is not enhanced.

------------------------------------------------------------------------------------------------------------------------

[2022-10-18 18:56:25 #1 store] 
Database 'C:\Users\Propietario\git\BetsApuestas\src\main\resources\bets.temp' has been recovered (tr. 1602-1615)

[2022-10-18 18:56:25 #2 store] 
Database 'C:\Users\Propietario\git\BetsApuestas\src\main\resources\bets.temp' is opened by 5508@pc-1631545154

[2022-10-18 18:56:25 #3 store] 
Configuration path: ?

[2022-10-18 18:56:25 #4 type] 
Type domain.Subdito is not enhanced.

[2022-10-18 18:56:25 #5 type] 
Type domain.Admin is not enhanced.

[2022-10-18 18:56:26 #6 type] 
Type domain.Usuario is not enhanced.

[2022-10-18 18:56:26 #7 type] 
Type domain.Cupon is not enhanced.

[2022-10-18 18:56:26 #8 type] 
Type domain.Apuesta is not enhanced.

[2022-10-18 18:56:26 #9 type] 
Type domain.Event is not enhanced.

[2022-10-18 18:56:26 #10 type] 
Type domain.Pronostico is not enhanced.

[2022-10-18 18:56:26 #11 type] 
Type domain.Seleccion is not enhanced.

[2022-10-18 18:56:26 #12 type] 
Type domain.Question is not enhanced.

[2022-10-18 18:56:26 #13 type] 
Type domain.Estadistica is not enhanced.

[2022-10-18 18:56:26 #14 type] 
Type domain.Mensaje is not enhanced.

------------------------------------------------------------------------------------------------------------------------

[2022-10-18 18:58:33 #1 store] 
Database 'C:\Users\Propietario\git\BetsApuestas\src\main\resources\bets.temp' has been recovered (tr. 1616-1630)

[2022-10-18 18:58:33 #2 store] 
Database 'C:\Users\Propietario\git\BetsApuestas\src\main\resources\bets.temp' is opened by 2772@pc-1631545154

[2022-10-18 18:58:33 #3 store] 
Configuration path: ?

[2022-10-18 18:58:33 #4 type] 
Type domain.Subdito is not enhanced.

[2022-10-18 18:58:33 #5 type] 
Type domain.Admin is not enhanced.

[2022-10-18 18:58:33 #6 type] 
Type domain.Usuario is not enhanced.

[2022-10-18 18:58:33 #7 type] 
Type domain.Cupon is not enhanced.

[2022-10-18 18:58:33 #8 type] 
Type domain.Apuesta is not enhanced.

[2022-10-18 18:58:33 #9 type] 
Type domain.Event is not enhanced.

[2022-10-18 18:58:33 #10 type] 
Type domain.Pronostico is not enhanced.

[2022-10-18 18:58:33 #11 type] 
Type domain.Seleccion is not enhanced.

[2022-10-18 18:58:33 #12 type] 
Type domain.Question is not enhanced.

[2022-10-18 18:58:33 #13 type] 
Type domain.Estadistica is not enhanced.

[2022-10-18 18:58:33 #14 type] 
Type domain.Mensaje is not enhanced.

------------------------------------------------------------------------------------------------------------------------

[2022-10-18 19:00:47 #1 store] 
Database 'C:\Users\Propietario\git\BetsApuestas\src\main\resources\bets.temp' has been recovered (tr. 1631-1645)

[2022-10-18 19:00:47 #2 store] 
Database 'C:\Users\Propietario\git\BetsApuestas\src\main\resources\bets.temp' is opened by 5212@pc-1631545154

[2022-10-18 19:00:47 #3 store] 
Configuration path: ?

[2022-10-18 19:00:47 #4 type] 
Type domain.Subdito is not enhanced.

[2022-10-18 19:00:47 #5 type] 
Type domain.Admin is not enhanced.

[2022-10-18 19:00:47 #6 type] 
Type domain.Usuario is not enhanced.

[2022-10-18 19:00:47 #7 type] 
Type domain.Cupon is not enhanced.

[2022-10-18 19:00:48 #8 type] 
Type domain.Apuesta is not enhanced.

[2022-10-18 19:00:48 #9 type] 
Type domain.Event is not enhanced.

[2022-10-18 19:00:48 #10 type] 
Type domain.Pronostico is not enhanced.

[2022-10-18 19:00:48 #11 type] 
Type domain.Seleccion is not enhanced.

[2022-10-18 19:00:48 #12 type] 
Type domain.Question is not enhanced.

[2022-10-18 19:00:48 #13 type] 
Type domain.Estadistica is not enhanced.

[2022-10-18 19:00:48 #14 type] 
Type domain.Mensaje is not enhanced.

------------------------------------------------------------------------------------------------------------------------

[2022-10-18 19:02:51 #1 store] 
Database 'C:\Users\Propietario\git\BetsApuestas\src\main\resources\bets.temp' has been recovered (tr. 1646-1660)

[2022-10-18 19:02:52 #2 store] 
Database 'C:\Users\Propietario\git\BetsApuestas\src\main\resources\bets.temp' is opened by 6516@pc-1631545154

[2022-10-18 19:02:52 #3 store] 
Configuration path: ?

[2022-10-18 19:02:52 #4 type] 
Type domain.Subdito is not enhanced.

[2022-10-18 19:02:52 #5 type] 
Type domain.Admin is not enhanced.

[2022-10-18 19:02:52 #6 type] 
Type domain.Usuario is not enhanced.

[2022-10-18 19:02:52 #7 type] 
Type domain.Cupon is not enhanced.

[2022-10-18 19:02:52 #8 type] 
Type domain.Apuesta is not enhanced.

[2022-10-18 19:02:52 #9 type] 
Type domain.Event is not enhanced.

[2022-10-18 19:02:52 #10 type] 
Type domain.Pronostico is not enhanced.

[2022-10-18 19:02:52 #11 type] 
Type domain.Seleccion is not enhanced.

[2022-10-18 19:02:52 #12 type] 
Type domain.Question is not enhanced.

[2022-10-18 19:02:52 #13 type] 
Type domain.Estadistica is not enhanced.

[2022-10-18 19:02:52 #14 type] 
Type domain.Mensaje is not enhanced.

------------------------------------------------------------------------------------------------------------------------

[2022-10-18 19:03:17 #1 store] 
Database 'C:\Users\Propietario\git\BetsApuestas\src\main\resources\bets.temp' has been recovered (tr. 1661-1676)

[2022-10-18 19:03:17 #2 store] 
Database 'C:\Users\Propietario\git\BetsApuestas\src\main\resources\bets.temp' is opened by 10672@pc-1631545154

[2022-10-18 19:03:17 #3 store] 
Configuration path: ?

[2022-10-18 19:03:17 #4 type] 
Type domain.Subdito is not enhanced.

[2022-10-18 19:03:17 #5 type] 
Type domain.Admin is not enhanced.

[2022-10-18 19:03:17 #6 type] 
Type domain.Usuario is not enhanced.

[2022-10-18 19:03:17 #7 type] 
Type domain.Cupon is not enhanced.

[2022-10-18 19:03:17 #8 type] 
Type domain.Apuesta is not enhanced.

[2022-10-18 19:03:17 #9 type] 
Type domain.Event is not enhanced.

[2022-10-18 19:03:17 #10 type] 
Type domain.Pronostico is not enhanced.

[2022-10-18 19:03:17 #11 type] 
Type domain.Seleccion is not enhanced.

[2022-10-18 19:03:17 #12 type] 
Type domain.Question is not enhanced.

[2022-10-18 19:03:17 #13 type] 
Type domain.Estadistica is not enhanced.

[2022-10-18 19:03:17 #14 type] 
Type domain.Mensaje is not enhanced.

------------------------------------------------------------------------------------------------------------------------

[2022-10-18 19:03:55 #1 store] 
Database 'C:\Users\Propietario\git\BetsApuestas\src\main\resources\bets.temp' has been recovered (tr. 1677-1692)

[2022-10-18 19:03:55 #2 store] 
Database 'C:\Users\Propietario\git\BetsApuestas\src\main\resources\bets.temp' is opened by 10532@pc-1631545154

[2022-10-18 19:03:55 #3 store] 
Configuration path: ?

[2022-10-18 19:03:55 #4 type] 
Type domain.Subdito is not enhanced.

[2022-10-18 19:03:55 #5 type] 
Type domain.Admin is not enhanced.

[2022-10-18 19:03:55 #6 type] 
Type domain.Usuario is not enhanced.

[2022-10-18 19:03:55 #7 type] 
Type domain.Cupon is not enhanced.

[2022-10-18 19:03:55 #8 type] 
Type domain.Apuesta is not enhanced.

[2022-10-18 19:03:55 #9 type] 
Type domain.Event is not enhanced.

[2022-10-18 19:03:55 #10 type] 
Type domain.Pronostico is not enhanced.

[2022-10-18 19:03:55 #11 type] 
Type domain.Seleccion is not enhanced.

[2022-10-18 19:03:55 #12 type] 
Type domain.Question is not enhanced.

[2022-10-18 19:03:55 #13 type] 
Type domain.Estadistica is not enhanced.

[2022-10-18 19:03:55 #14 type] 
Type domain.Mensaje is not enhanced.

------------------------------------------------------------------------------------------------------------------------

[2022-10-18 19:05:39 #1 store] 
Database 'C:\Users\Propietario\git\BetsApuestas\src\main\resources\bets.temp' has been recovered (tr. 1693-1703)

[2022-10-18 19:05:39 #2 store] 
Database 'C:\Users\Propietario\git\BetsApuestas\src\main\resources\bets.temp' is opened by 10912@pc-1631545154

[2022-10-18 19:05:39 #3 store] 
Configuration path: ?

[2022-10-18 19:05:39 #4 type] 
Type domain.Subdito is not enhanced.

[2022-10-18 19:05:39 #5 type] 
Type domain.Admin is not enhanced.

[2022-10-18 19:05:39 #6 type] 
Type domain.Usuario is not enhanced.

[2022-10-18 19:05:39 #7 type] 
Type domain.Cupon is not enhanced.

[2022-10-18 19:05:39 #8 type] 
Type domain.Apuesta is not enhanced.

[2022-10-18 19:05:39 #9 type] 
Type domain.Event is not enhanced.

[2022-10-18 19:05:39 #10 type] 
Type domain.Pronostico is not enhanced.

[2022-10-18 19:05:39 #11 type] 
Type domain.Seleccion is not enhanced.

[2022-10-18 19:05:39 #12 type] 
Type domain.Question is not enhanced.

[2022-10-18 19:05:39 #13 type] 
Type domain.Estadistica is not enhanced.

[2022-10-18 19:05:39 #14 type] 
Type domain.Mensaje is not enhanced.

------------------------------------------------------------------------------------------------------------------------

[2022-10-18 19:06:08 #1 store] 
Database 'C:\Users\Propietario\git\BetsApuestas\src\main\resources\bets.temp' has been recovered (tr. 1704-1714)

[2022-10-18 19:06:08 #2 store] 
Database 'C:\Users\Propietario\git\BetsApuestas\src\main\resources\bets.temp' is opened by 6808@pc-1631545154

[2022-10-18 19:06:08 #3 store] 
Configuration path: ?

[2022-10-18 19:06:08 #4 type] 
Type domain.Subdito is not enhanced.

[2022-10-18 19:06:08 #5 type] 
Type domain.Admin is not enhanced.

[2022-10-18 19:06:08 #6 type] 
Type domain.Usuario is not enhanced.

[2022-10-18 19:06:08 #7 type] 
Type domain.Cupon is not enhanced.

[2022-10-18 19:06:08 #8 type] 
Type domain.Apuesta is not enhanced.

[2022-10-18 19:06:08 #9 type] 
Type domain.Event is not enhanced.

[2022-10-18 19:06:08 #10 type] 
Type domain.Pronostico is not enhanced.

[2022-10-18 19:06:08 #11 type] 
Type domain.Seleccion is not enhanced.

[2022-10-18 19:06:08 #12 type] 
Type domain.Question is not enhanced.

[2022-10-18 19:06:08 #13 type] 
Type domain.Estadistica is not enhanced.

[2022-10-18 19:06:08 #14 type] 
Type domain.Mensaje is not enhanced.

------------------------------------------------------------------------------------------------------------------------

[2022-10-18 19:07:39 #1 store] 
Database 'C:\Users\Propietario\git\BetsApuestas\src\main\resources\bets.temp' has been recovered (tr. 1715-1730)

[2022-10-18 19:07:39 #2 store] 
Database 'C:\Users\Propietario\git\BetsApuestas\src\main\resources\bets.temp' is opened by 6508@pc-1631545154

[2022-10-18 19:07:39 #3 store] 
Configuration path: ?

[2022-10-18 19:07:39 #4 type] 
Type domain.Subdito is not enhanced.

[2022-10-18 19:07:39 #5 type] 
Type domain.Admin is not enhanced.

[2022-10-18 19:07:39 #6 type] 
Type domain.Usuario is not enhanced.

[2022-10-18 19:07:39 #7 type] 
Type domain.Cupon is not enhanced.

[2022-10-18 19:07:39 #8 type] 
Type domain.Apuesta is not enhanced.

[2022-10-18 19:07:39 #9 type] 
Type domain.Event is not enhanced.

[2022-10-18 19:07:39 #10 type] 
Type domain.Pronostico is not enhanced.

[2022-10-18 19:07:39 #11 type] 
Type domain.Seleccion is not enhanced.

[2022-10-18 19:07:39 #12 type] 
Type domain.Question is not enhanced.

[2022-10-18 19:07:39 #13 type] 
Type domain.Estadistica is not enhanced.

[2022-10-18 19:07:39 #14 type] 
Type domain.Mensaje is not enhanced.

------------------------------------------------------------------------------------------------------------------------

[2022-10-18 19:09:57 #1 store] 
Database 'C:\Users\Propietario\git\BetsApuestas\src\main\resources\bets.temp' has been recovered (tr. 1731-1746)

[2022-10-18 19:09:57 #2 store] 
Database 'C:\Users\Propietario\git\BetsApuestas\src\main\resources\bets.temp' is opened by 4968@pc-1631545154

[2022-10-18 19:09:57 #3 store] 
Configuration path: ?

[2022-10-18 19:09:57 #4 type] 
Type domain.Subdito is not enhanced.

[2022-10-18 19:09:57 #5 type] 
Type domain.Admin is not enhanced.

[2022-10-18 19:09:57 #6 type] 
Type domain.Usuario is not enhanced.

[2022-10-18 19:09:57 #7 type] 
Type domain.Cupon is not enhanced.

[2022-10-18 19:09:57 #8 type] 
Type domain.Apuesta is not enhanced.

[2022-10-18 19:09:57 #9 type] 
Type domain.Event is not enhanced.

[2022-10-18 19:09:57 #10 type] 
Type domain.Pronostico is not enhanced.

[2022-10-18 19:09:57 #11 type] 
Type domain.Seleccion is not enhanced.

[2022-10-18 19:09:57 #12 type] 
Type domain.Question is not enhanced.

[2022-10-18 19:09:57 #13 type] 
Type domain.Estadistica is not enhanced.

[2022-10-18 19:09:57 #14 type] 
Type domain.Mensaje is not enhanced.

------------------------------------------------------------------------------------------------------------------------

[2022-10-18 19:10:38 #1 store] 
Database 'C:\Users\Propietario\git\BetsApuestas\src\main\resources\bets.temp' has been recovered (tr. 1747-1762)

[2022-10-18 19:10:38 #2 store] 
Database 'C:\Users\Propietario\git\BetsApuestas\src\main\resources\bets.temp' is opened by 8264@pc-1631545154

[2022-10-18 19:10:38 #3 store] 
Configuration path: ?

[2022-10-18 19:10:38 #4 type] 
Type domain.Subdito is not enhanced.

[2022-10-18 19:10:38 #5 type] 
Type domain.Admin is not enhanced.

[2022-10-18 19:10:38 #6 type] 
Type domain.Usuario is not enhanced.

[2022-10-18 19:10:38 #7 type] 
Type domain.Cupon is not enhanced.

[2022-10-18 19:10:38 #8 type] 
Type domain.Apuesta is not enhanced.

[2022-10-18 19:10:38 #9 type] 
Type domain.Event is not enhanced.

[2022-10-18 19:10:38 #10 type] 
Type domain.Pronostico is not enhanced.

[2022-10-18 19:10:38 #11 type] 
Type domain.Seleccion is not enhanced.

[2022-10-18 19:10:38 #12 type] 
Type domain.Question is not enhanced.

[2022-10-18 19:10:38 #13 type] 
Type domain.Estadistica is not enhanced.

[2022-10-18 19:10:38 #14 type] 
Type domain.Mensaje is not enhanced.

------------------------------------------------------------------------------------------------------------------------

[2022-10-18 19:17:43 #1 store] 
Database 'C:\Users\Propietario\git\BetsApuestas\src\main\resources\bets.temp' has been recovered (tr. 1763-1778)

[2022-10-18 19:17:43 #2 store] 
Database 'C:\Users\Propietario\git\BetsApuestas\src\main\resources\bets.temp' is opened by 11184@pc-1631545154

[2022-10-18 19:17:43 #3 store] 
Configuration path: ?

[2022-10-18 19:17:43 #4 type] 
Type domain.Subdito is not enhanced.

[2022-10-18 19:17:43 #5 type] 
Type domain.Admin is not enhanced.

[2022-10-18 19:17:43 #6 type] 
Type domain.Usuario is not enhanced.

[2022-10-18 19:17:43 #7 type] 
Type domain.Cupon is not enhanced.

[2022-10-18 19:17:43 #8 type] 
Type domain.Apuesta is not enhanced.

[2022-10-18 19:17:43 #9 type] 
Type domain.Event is not enhanced.

[2022-10-18 19:17:43 #10 type] 
Type domain.Pronostico is not enhanced.

[2022-10-18 19:17:43 #11 type] 
Type domain.Seleccion is not enhanced.

[2022-10-18 19:17:43 #12 type] 
Type domain.Question is not enhanced.

[2022-10-18 19:17:43 #13 type] 
Type domain.Estadistica is not enhanced.

[2022-10-18 19:17:43 #14 type] 
Type domain.Mensaje is not enhanced.

------------------------------------------------------------------------------------------------------------------------

[2022-10-18 19:19:21 #1 store] 
Database 'C:\Users\Propietario\git\BetsApuestas\src\main\resources\bets.temp' has been recovered (tr. 1779-1794)

[2022-10-18 19:19:21 #2 store] 
Database 'C:\Users\Propietario\git\BetsApuestas\src\main\resources\bets.temp' is opened by 6860@pc-1631545154

[2022-10-18 19:19:21 #3 store] 
Configuration path: ?

[2022-10-18 19:19:21 #4 type] 
Type domain.Subdito is not enhanced.

[2022-10-18 19:19:21 #5 type] 
Type domain.Admin is not enhanced.

[2022-10-18 19:19:21 #6 type] 
Type domain.Usuario is not enhanced.

[2022-10-18 19:19:21 #7 type] 
Type domain.Cupon is not enhanced.

[2022-10-18 19:19:21 #8 type] 
Type domain.Apuesta is not enhanced.

[2022-10-18 19:19:21 #9 type] 
Type domain.Event is not enhanced.

[2022-10-18 19:19:21 #10 type] 
Type domain.Pronostico is not enhanced.

[2022-10-18 19:19:21 #11 type] 
Type domain.Seleccion is not enhanced.

[2022-10-18 19:19:21 #12 type] 
Type domain.Question is not enhanced.

[2022-10-18 19:19:21 #13 type] 
Type domain.Estadistica is not enhanced.

[2022-10-18 19:19:21 #14 type] 
Type domain.Mensaje is not enhanced.

------------------------------------------------------------------------------------------------------------------------

[2022-10-18 19:21:07 #1 store] 
Database 'C:\Users\Propietario\git\BetsApuestas\src\main\resources\bets.temp' has been recovered (tr. 1795-1810)

[2022-10-18 19:21:07 #2 store] 
Database 'C:\Users\Propietario\git\BetsApuestas\src\main\resources\bets.temp' is opened by 5868@pc-1631545154

[2022-10-18 19:21:07 #3 store] 
Configuration path: ?

[2022-10-18 19:21:07 #4 type] 
Type domain.Subdito is not enhanced.

[2022-10-18 19:21:07 #5 type] 
Type domain.Admin is not enhanced.

[2022-10-18 19:21:07 #6 type] 
Type domain.Usuario is not enhanced.

[2022-10-18 19:21:07 #7 type] 
Type domain.Cupon is not enhanced.

[2022-10-18 19:21:07 #8 type] 
Type domain.Apuesta is not enhanced.

[2022-10-18 19:21:07 #9 type] 
Type domain.Event is not enhanced.

[2022-10-18 19:21:07 #10 type] 
Type domain.Pronostico is not enhanced.

[2022-10-18 19:21:07 #11 type] 
Type domain.Seleccion is not enhanced.

[2022-10-18 19:21:07 #12 type] 
Type domain.Question is not enhanced.

[2022-10-18 19:21:07 #13 type] 
Type domain.Estadistica is not enhanced.

[2022-10-18 19:21:07 #14 type] 
Type domain.Mensaje is not enhanced.

------------------------------------------------------------------------------------------------------------------------

[2022-10-18 19:21:24 #1 store] 
Database 'C:\Users\Propietario\git\BetsApuestas\src\main\resources\bets.temp' has been recovered (tr. 1811-1826)

[2022-10-18 19:21:24 #2 store] 
Database 'C:\Users\Propietario\git\BetsApuestas\src\main\resources\bets.temp' is opened by 5048@pc-1631545154

[2022-10-18 19:21:24 #3 store] 
Configuration path: ?

[2022-10-18 19:21:24 #4 type] 
Type domain.Subdito is not enhanced.

[2022-10-18 19:21:24 #5 type] 
Type domain.Admin is not enhanced.

[2022-10-18 19:21:24 #6 type] 
Type domain.Usuario is not enhanced.

[2022-10-18 19:21:24 #7 type] 
Type domain.Cupon is not enhanced.

[2022-10-18 19:21:24 #8 type] 
Type domain.Apuesta is not enhanced.

[2022-10-18 19:21:24 #9 type] 
Type domain.Event is not enhanced.

[2022-10-18 19:21:24 #10 type] 
Type domain.Pronostico is not enhanced.

[2022-10-18 19:21:24 #11 type] 
Type domain.Seleccion is not enhanced.

[2022-10-18 19:21:24 #12 type] 
Type domain.Question is not enhanced.

[2022-10-18 19:21:24 #13 type] 
Type domain.Estadistica is not enhanced.

[2022-10-18 19:21:24 #14 type] 
Type domain.Mensaje is not enhanced.

------------------------------------------------------------------------------------------------------------------------

[2022-10-18 19:23:51 #1 store] 
Database 'C:\Users\Propietario\git\BetsApuestas\src\main\resources\bets.temp' has been recovered (tr. 1827-1842)

[2022-10-18 19:23:51 #2 store] 
Database 'C:\Users\Propietario\git\BetsApuestas\src\main\resources\bets.temp' is opened by 5832@pc-1631545154

[2022-10-18 19:23:51 #3 store] 
Configuration path: ?

[2022-10-18 19:23:51 #4 type] 
Type domain.Subdito is not enhanced.

[2022-10-18 19:23:51 #5 type] 
Type domain.Admin is not enhanced.

[2022-10-18 19:23:51 #6 type] 
Type domain.Usuario is not enhanced.

[2022-10-18 19:23:51 #7 type] 
Type domain.Cupon is not enhanced.

[2022-10-18 19:23:51 #8 type] 
Type domain.Apuesta is not enhanced.

[2022-10-18 19:23:51 #9 type] 
Type domain.Event is not enhanced.

[2022-10-18 19:23:51 #10 type] 
Type domain.Pronostico is not enhanced.

[2022-10-18 19:23:51 #11 type] 
Type domain.Seleccion is not enhanced.

[2022-10-18 19:23:51 #12 type] 
Type domain.Question is not enhanced.

[2022-10-18 19:23:51 #13 type] 
Type domain.Estadistica is not enhanced.

[2022-10-18 19:23:51 #14 type] 
Type domain.Mensaje is not enhanced.

------------------------------------------------------------------------------------------------------------------------

[2022-10-18 19:24:52 #1 store] 
Database 'C:\Users\Propietario\git\BetsApuestas\src\main\resources\bets.temp' has been recovered (tr. 1843-1859)

[2022-10-18 19:24:52 #2 store] 
Database 'C:\Users\Propietario\git\BetsApuestas\src\main\resources\bets.temp' is opened by 1808@pc-1631545154

[2022-10-18 19:24:52 #3 store] 
Configuration path: ?

[2022-10-18 19:24:52 #4 type] 
Type domain.Subdito is not enhanced.

[2022-10-18 19:24:52 #5 type] 
Type domain.Admin is not enhanced.

[2022-10-18 19:24:52 #6 type] 
Type domain.Usuario is not enhanced.

[2022-10-18 19:24:52 #7 type] 
Type domain.Cupon is not enhanced.

[2022-10-18 19:24:52 #8 type] 
Type domain.Apuesta is not enhanced.

[2022-10-18 19:24:52 #9 type] 
Type domain.Event is not enhanced.

[2022-10-18 19:24:52 #10 type] 
Type domain.Pronostico is not enhanced.

[2022-10-18 19:24:52 #11 type] 
Type domain.Seleccion is not enhanced.

[2022-10-18 19:24:52 #12 type] 
Type domain.Question is not enhanced.

[2022-10-18 19:24:52 #13 type] 
Type domain.Estadistica is not enhanced.

[2022-10-18 19:24:52 #14 type] 
Type domain.Mensaje is not enhanced.

------------------------------------------------------------------------------------------------------------------------

[2022-10-18 19:28:57 #1 store] 
Database 'C:\Users\Propietario\git\BetsApuestas\src\main\resources\bets.temp' has been recovered (tr. 1860-1876)

[2022-10-18 19:28:57 #2 store] 
Database 'C:\Users\Propietario\git\BetsApuestas\src\main\resources\bets.temp' is opened by 4420@pc-1631545154

[2022-10-18 19:28:57 #3 store] 
Configuration path: ?

[2022-10-18 19:28:57 #4 type] 
Type domain.Subdito is not enhanced.

[2022-10-18 19:28:57 #5 type] 
Type domain.Admin is not enhanced.

[2022-10-18 19:28:57 #6 type] 
Type domain.Usuario is not enhanced.

[2022-10-18 19:28:57 #7 type] 
Type domain.Cupon is not enhanced.

[2022-10-18 19:28:57 #8 type] 
Type domain.Apuesta is not enhanced.

[2022-10-18 19:28:57 #9 type] 
Type domain.Event is not enhanced.

[2022-10-18 19:28:57 #10 type] 
Type domain.Pronostico is not enhanced.

[2022-10-18 19:28:57 #11 type] 
Type domain.Seleccion is not enhanced.

[2022-10-18 19:28:57 #12 type] 
Type domain.Question is not enhanced.

[2022-10-18 19:28:57 #13 type] 
Type domain.Estadistica is not enhanced.

[2022-10-18 19:28:57 #14 type] 
Type domain.Mensaje is not enhanced.

------------------------------------------------------------------------------------------------------------------------

[2022-10-18 19:30:40 #1 store] 
Database 'C:\Users\Propietario\git\BetsApuestas\src\main\resources\bets.temp' has been recovered (tr. 1877-1894)

[2022-10-18 19:30:40 #2 store] 
Database 'C:\Users\Propietario\git\BetsApuestas\src\main\resources\bets.temp' is opened by 8728@pc-1631545154

[2022-10-18 19:30:40 #3 store] 
Configuration path: ?

[2022-10-18 19:30:40 #4 type] 
Type domain.Subdito is not enhanced.

[2022-10-18 19:30:40 #5 type] 
Type domain.Admin is not enhanced.

[2022-10-18 19:30:40 #6 type] 
Type domain.Usuario is not enhanced.

[2022-10-18 19:30:40 #7 type] 
Type domain.Cupon is not enhanced.

[2022-10-18 19:30:40 #8 type] 
Type domain.Apuesta is not enhanced.

[2022-10-18 19:30:40 #9 type] 
Type domain.Event is not enhanced.

[2022-10-18 19:30:40 #10 type] 
Type domain.Pronostico is not enhanced.

[2022-10-18 19:30:40 #11 type] 
Type domain.Seleccion is not enhanced.

[2022-10-18 19:30:40 #12 type] 
Type domain.Question is not enhanced.

[2022-10-18 19:30:40 #13 type] 
Type domain.Estadistica is not enhanced.

[2022-10-18 19:30:40 #14 type] 
Type domain.Mensaje is not enhanced.

------------------------------------------------------------------------------------------------------------------------

[2022-10-18 19:31:00 #1 store] 
Database 'C:\Users\Propietario\git\BetsApuestas\src\main\resources\bets.temp' has been recovered (tr. 1895-1905)

[2022-10-18 19:31:00 #2 store] 
Database 'C:\Users\Propietario\git\BetsApuestas\src\main\resources\bets.temp' is opened by 276@pc-1631545154

[2022-10-18 19:31:00 #3 store] 
Configuration path: ?

[2022-10-18 19:31:00 #4 type] 
Type domain.Subdito is not enhanced.

[2022-10-18 19:31:00 #5 type] 
Type domain.Admin is not enhanced.

[2022-10-18 19:31:00 #6 type] 
Type domain.Usuario is not enhanced.

[2022-10-18 19:31:00 #7 type] 
Type domain.Cupon is not enhanced.

[2022-10-18 19:31:00 #8 type] 
Type domain.Apuesta is not enhanced.

[2022-10-18 19:31:00 #9 type] 
Type domain.Event is not enhanced.

[2022-10-18 19:31:00 #10 type] 
Type domain.Pronostico is not enhanced.

[2022-10-18 19:31:00 #11 type] 
Type domain.Seleccion is not enhanced.

[2022-10-18 19:31:00 #12 type] 
Type domain.Question is not enhanced.

[2022-10-18 19:31:00 #13 type] 
Type domain.Estadistica is not enhanced.

[2022-10-18 19:31:00 #14 type] 
Type domain.Mensaje is not enhanced.

